<?xml version="1.0" encoding="utf-8"?><testsuites name="pytest tests"><testsuite name="pytest" errors="0" failures="0" skipped="0" tests="10" time="3.757" timestamp="2026-02-26T23:01:55.805100+00:00" hostname="agent-env-442c4dfe-b909-4cf1-a1eb-189d098462c3"><testcase classname="backend.tests.test_admin_settings.TestPublicSettingsEndpoint" name="test_get_public_settings_success" time="0.337" /><testcase classname="backend.tests.test_admin_settings.TestPublicSettingsEndpoint" name="test_public_settings_no_auth_required" time="0.131" /><testcase classname="backend.tests.test_admin_settings.TestAdminSettingsEndpoint" name="test_get_admin_settings_requires_auth" time="0.126" /><testcase classname="backend.tests.test_admin_settings.TestAdminSettingsEndpoint" name="test_get_admin_settings_with_auth" time="0.533" /><testcase classname="backend.tests.test_admin_settings.TestAdminSettingsEndpoint" name="test_update_admin_settings_requires_auth" time="0.121" /><testcase classname="backend.tests.test_admin_settings.TestAdminSettingsEndpoint" name="test_update_token_program_setting" time="0.744" /><testcase classname="backend.tests.test_admin_settings.TestAdminSettingsEndpoint" name="test_update_loyalty_program_setting" time="0.593" /><testcase classname="backend.tests.test_admin_settings.TestAdminSettingsEndpoint" name="test_update_both_settings_at_once" time="0.578" /><testcase classname="backend.tests.test_admin_settings.TestAdminSettingsEndpoint" name="test_invalid_setting_key_ignored" time="0.173" /><testcase classname="backend.tests.test_admin_settings.TestSettingsIntegration" name="test_settings_reflect_in_public_endpoint" time="0.359" /></testsuite></testsuites>