<?xml version="1.0" encoding="utf-8"?><testsuites name="pytest tests"><testsuite name="pytest" errors="0" failures="0" skipped="0" tests="10" time="4.284" timestamp="2026-03-18T22:37:28.373667+00:00" hostname="agent-env-2e07da3b-0fd2-4ff7-8b97-4b10f31092ad"><testcase classname="tests.test_careers.TestCareersAPI" name="test_backend_health" time="0.341" /><testcase classname="tests.test_careers.TestCareersAPI" name="test_submit_application_boh_position_no_headshot" time="0.178" /><testcase classname="tests.test_careers.TestCareersAPI" name="test_submit_application_foh_position_with_headshot" time="0.155" /><testcase classname="tests.test_careers.TestCareersAPI" name="test_submit_application_all_locations" time="1.492" /><testcase classname="tests.test_careers.TestCareersAPI" name="test_submit_application_all_foh_positions" time="0.807" /><testcase classname="tests.test_careers.TestCareersAPI" name="test_submit_application_all_boh_positions" time="0.448" /><testcase classname="tests.test_careers.TestCareersAPI" name="test_missing_resume_fails" time="0.177" /><testcase classname="tests.test_careers.TestCareersAPI" name="test_missing_required_fields_fails" time="0.193" /><testcase classname="tests.test_careers.TestAdminCareersEndpoint" name="test_admin_get_applications_unauthorized" time="0.268" /><testcase classname="tests.test_careers.TestAdminCareersEndpoint" name="test_admin_get_applications_returns_submitted" time="0.156" /></testsuite></testsuites>