<?xml version="1.0" encoding="utf-8"?><testsuites name="pytest tests"><testsuite name="pytest" errors="0" failures="0" skipped="0" tests="11" time="1.993" timestamp="2026-03-21T17:22:27.995118+00:00" hostname="agent-env-0447cee5-526e-4340-9bcf-619df38a4d70"><testcase classname="backend.tests.test_checkin_flow.TestUserProfileRoleUpdate" name="test_api_health_check" time="0.325" /><testcase classname="backend.tests.test_checkin_flow.TestUserProfileRoleUpdate" name="test_get_user_profile" time="0.123" /><testcase classname="backend.tests.test_checkin_flow.TestUserProfileRoleUpdate" name="test_update_role_to_staff_bartender" time="0.211" /><testcase classname="backend.tests.test_checkin_flow.TestUserProfileRoleUpdate" name="test_update_role_to_staff_server" time="0.100" /><testcase classname="backend.tests.test_checkin_flow.TestUserProfileRoleUpdate" name="test_update_role_to_staff_manager" time="0.114" /><testcase classname="backend.tests.test_checkin_flow.TestUserProfileRoleUpdate" name="test_update_role_to_staff_dj" time="0.135" /><testcase classname="backend.tests.test_checkin_flow.TestUserProfileRoleUpdate" name="test_update_role_to_customer" time="0.132" /><testcase classname="backend.tests.test_checkin_flow.TestUserProfileRoleUpdate" name="test_update_nonexistent_user_returns_404" time="0.106" /><testcase classname="backend.tests.test_checkin_flow.TestUserProfileRoleUpdate" name="test_partial_update_only_role" time="0.225" /><testcase classname="backend.tests.test_checkin_flow.TestUserProfileRoleUpdate" name="test_partial_update_only_staff_title" time="0.242" /><testcase classname="backend.tests.test_checkin_flow.TestCreateUserProfile" name="test_create_user_profile" time="0.216" /></testsuite></testsuites>