<?xml version="1.0" encoding="utf-8"?><testsuites name="pytest tests"><testsuite name="pytest" errors="0" failures="0" skipped="0" tests="15" time="5.356" timestamp="2026-03-22T03:21:29.422296+00:00" hostname="agent-env-ae1dc515-4df7-4da2-8ddd-875aaef45379"><testcase classname="backend.tests.test_checkin_roles.TestUserProfileRoleUpdate" name="test_api_health" time="0.149" /><testcase classname="backend.tests.test_checkin_roles.TestUserProfileRoleUpdate" name="test_create_user_profile" time="0.299" /><testcase classname="backend.tests.test_checkin_roles.TestUserProfileRoleUpdate" name="test_update_role_to_customer" time="0.521" /><testcase classname="backend.tests.test_checkin_roles.TestUserProfileRoleUpdate" name="test_update_role_to_dj" time="0.491" /><testcase classname="backend.tests.test_checkin_roles.TestUserProfileRoleUpdate" name="test_update_role_to_bartender" time="0.424" /><testcase classname="backend.tests.test_checkin_roles.TestUserProfileRoleUpdate" name="test_update_role_to_server" time="0.421" /><testcase classname="backend.tests.test_checkin_roles.TestUserProfileRoleUpdate" name="test_update_role_to_manager" time="0.493" /><testcase classname="backend.tests.test_checkin_roles.TestUserProfileRoleUpdate" name="test_update_nonexistent_user" time="0.109" /><testcase classname="backend.tests.test_checkin_roles.TestUserProfileRoleUpdate" name="test_update_only_role_preserves_other_fields" time="0.369" /><testcase classname="backend.tests.test_checkin_roles.TestUserProfileRoleUpdate" name="test_update_role_and_staff_title_together" time="0.468" /><testcase classname="backend.tests.test_checkin_roles.TestUserProfileRoleUpdate" name="test_change_role_from_staff_to_customer" time="0.426" /><testcase classname="backend.tests.test_checkin_roles.TestUserProfileGet" name="test_get_user_profile" time="0.329" /><testcase classname="backend.tests.test_checkin_roles.TestUserProfileGet" name="test_get_nonexistent_user" time="0.102" /><testcase classname="backend.tests.test_checkin_roles.TestUserProfileGet" name="test_user_profile_has_role_field" time="0.344" /><testcase classname="backend.tests.test_checkin_roles.TestUserProfileGet" name="test_user_profile_has_staff_title_field" time="0.333" /></testsuite></testsuites>