<?xml version="1.0" encoding="utf-8"?><testsuites name="pytest tests"><testsuite name="pytest" errors="0" failures="0" skipped="0" tests="5" time="0.886" timestamp="2026-07-26T18:46:01.636812+00:00" hostname="agent-env-ae1dc515-4df7-4da2-8ddd-875aaef45379"><testcase classname="backend.tests.test_checkin_count" name="test_checkins_count_global" time="0.207" /><testcase classname="backend.tests.test_checkin_count" name="test_checkins_count_per_location" time="0.114" /><testcase classname="backend.tests.test_checkin_count" name="test_count_le_global" time="0.266" /><testcase classname="backend.tests.test_checkin_count" name="test_checkin_list_regression" time="0.103" /><testcase classname="backend.tests.test_checkin_count" name="test_route_ordering_not_confused" time="0.140" /></testsuite></testsuites>