<?xml version="1.0" encoding="utf-8"?><testsuites name="pytest tests"><testsuite name="pytest" errors="0" failures="0" skipped="0" tests="14" time="2.380" timestamp="2026-03-31T19:30:16.703090+00:00" hostname="agent-env-ae1dc515-4df7-4da2-8ddd-875aaef45379"><testcase classname="backend.tests.test_cocktails_menu.TestCocktailsMenu" name="test_menu_items_endpoint_returns_200" time="0.266" /><testcase classname="backend.tests.test_cocktails_menu.TestCocktailsMenu" name="test_cocktails_have_card_layout" time="0.165" /><testcase classname="backend.tests.test_cocktails_menu.TestCocktailsMenu" name="test_the_405_has_uncle_nearest_whiskey" time="0.164" /><testcase classname="backend.tests.test_cocktails_menu.TestCocktailsMenu" name="test_sunset_blvd_has_hennessy" time="0.115" /><testcase classname="backend.tests.test_cocktails_menu.TestCocktailsMenu" name="test_california_dreaming_has_malibu_rum" time="0.199" /><testcase classname="backend.tests.test_cocktails_menu.TestCocktailsMenu" name="test_cocktails_have_images" time="0.127" /><testcase classname="backend.tests.test_cocktails_menu.TestCocktailsMenu" name="test_happy_hour_margarita_exists" time="0.120" /><testcase classname="backend.tests.test_cocktails_menu.TestCocktailsMenu" name="test_happy_hour_rum_punch_exists" time="0.142" /><testcase classname="backend.tests.test_cocktails_menu.TestCocktailsMenu" name="test_happy_hour_whiskey_sour_exists" time="0.127" /><testcase classname="backend.tests.test_cocktails_menu.TestCocktailsMenu" name="test_happy_hour_long_island_exists" time="0.198" /><testcase classname="backend.tests.test_cocktails_menu.TestCocktailImages" name="test_the_405_image_loads" time="0.145" /><testcase classname="backend.tests.test_cocktails_menu.TestCocktailImages" name="test_sunset_blvd_image_loads" time="0.127" /><testcase classname="backend.tests.test_cocktails_menu.TestCocktailImages" name="test_california_dreaming_image_loads" time="0.127" /><testcase classname="backend.tests.test_cocktails_menu.TestCocktailImages" name="test_marina_del_rey_image_loads" time="0.293" /></testsuite></testsuites>