<?xml version="1.0" encoding="utf-8"?><testsuites name="pytest tests"><testsuite name="pytest" errors="0" failures="0" skipped="0" tests="6" time="1.168" timestamp="2026-03-31T17:11:16.226010+00:00" hostname="agent-env-ae1dc515-4df7-4da2-8ddd-875aaef45379"><testcase classname="backend.tests.test_dj_bulk_import.TestDJBulkImport" name="test_bulk_import_success" time="0.195" /><testcase classname="backend.tests.test_dj_bulk_import.TestDJBulkImport" name="test_bulk_import_with_replace" time="0.270" /><testcase classname="backend.tests.test_dj_bulk_import.TestDJBulkImport" name="test_bulk_import_invalid_location" time="0.135" /><testcase classname="backend.tests.test_dj_bulk_import.TestDJBulkImport" name="test_bulk_import_empty_entries" time="0.125" /><testcase classname="backend.tests.test_dj_bulk_import.TestDJBulkImport" name="test_weekly_schedule_endpoint_still_works" time="0.131" /><testcase classname="backend.tests.test_dj_bulk_import.TestDJScheduleCleanup" name="test_cleanup_test_data" time="0.258" /></testsuite></testsuites>