<?xml version="1.0" encoding="utf-8"?><testsuites name="pytest tests"><testsuite name="pytest" errors="0" failures="0" skipped="0" tests="4" time="1.316" timestamp="2026-07-28T11:39:36.193713+00:00" hostname="agent-env-ae1dc515-4df7-4da2-8ddd-875aaef45379"><testcase classname="backend.tests.test_dj_banner_toggle" name="test_public_settings_contains_flag_default_true" time="0.375" /><testcase classname="backend.tests.test_dj_banner_toggle" name="test_admin_settings_returns_flag" time="0.155" /><testcase classname="backend.tests.test_dj_banner_toggle" name="test_toggle_off_persists_public_and_admin" time="0.376" /><testcase classname="backend.tests.test_dj_banner_toggle" name="test_toggle_back_on_persists" time="0.343" /></testsuite></testsuites>