<?xml version="1.0" encoding="utf-8"?><testsuites name="pytest tests"><testsuite name="pytest" errors="0" failures="0" skipped="0" tests="7" time="1.375" timestamp="2026-07-26T20:34:52.571330+00:00" hostname="agent-env-ae1dc515-4df7-4da2-8ddd-875aaef45379"><testcase classname="backend.tests.test_dj_control" name="test_dj_profiles" time="0.178" /><testcase classname="backend.tests.test_dj_control" name="test_locations" time="0.046" /><testcase classname="backend.tests.test_dj_control" name="test_livekit_streams_active" time="0.049" /><testcase classname="backend.tests.test_dj_control" name="test_karaoke_status_per_location" time="0.418" /><testcase classname="backend.tests.test_dj_control" name="test_dj_checkin_then_checkout_flow" time="0.330" /><testcase classname="backend.tests.test_dj_control" name="test_karaoke_toggle" time="0.237" /><testcase classname="backend.tests.test_dj_control" name="test_livekit_stream_stop_endpoint" time="0.052" /></testsuite></testsuites>