<?xml version="1.0" encoding="utf-8"?><testsuites name="pytest tests"><testsuite name="pytest" errors="0" failures="0" skipped="0" tests="26" time="10.884" timestamp="2026-02-18T03:32:04.155392+00:00" hostname="agent-env-18c4c5d8-4fdf-479f-80d5-c015e0c70afa"><testcase classname="tests.test_dj_drinks.TestDJProfileAPI" name="test_register_dj_profile" time="0.214" /><testcase classname="tests.test_dj_drinks.TestDJProfileAPI" name="test_get_all_dj_profiles" time="0.129" /><testcase classname="tests.test_dj_drinks.TestDJProfileAPI" name="test_get_dj_profile_by_id" time="0.222" /><testcase classname="tests.test_dj_drinks.TestDJProfileAPI" name="test_get_nonexistent_dj_profile" time="0.112" /><testcase classname="tests.test_dj_drinks.TestDJProfileAPI" name="test_update_dj_profile" time="0.252" /><testcase classname="tests.test_dj_drinks.TestDJCheckInOut" name="test_dj_checkin_at_location" time="0.447" /><testcase classname="tests.test_dj_drinks.TestDJCheckInOut" name="test_dj_checkout" time="0.427" /><testcase classname="tests.test_dj_drinks.TestDJCheckInOut" name="test_get_dj_at_location" time="0.123" /><testcase classname="tests.test_dj_drinks.TestDJCheckInOut" name="test_get_dj_at_nonexistent_location" time="0.132" /><testcase classname="tests.test_dj_drinks.TestDJTipWithPaymentMethod" name="test_send_tip_with_cash_app" time="0.373" /><testcase classname="tests.test_dj_drinks.TestDJTipWithPaymentMethod" name="test_send_tip_with_venmo" time="0.363" /><testcase classname="tests.test_dj_drinks.TestDJTipWithPaymentMethod" name="test_send_tip_with_apple_pay" time="0.354" /><testcase classname="tests.test_dj_drinks.TestDJTipWithPaymentMethod" name="test_get_tips_shows_payment_method" time="0.191" /><testcase classname="tests.test_dj_drinks.TestDrinkOrderAPI" name="test_send_drink_to_user" time="0.638" /><testcase classname="tests.test_dj_drinks.TestDrinkOrderAPI" name="test_send_drink_beer" time="0.568" /><testcase classname="tests.test_dj_drinks.TestDrinkOrderAPI" name="test_send_drink_champagne" time="0.656" /><testcase classname="tests.test_dj_drinks.TestDrinkOrderAPI" name="test_send_drink_without_message" time="0.601" /><testcase classname="tests.test_dj_drinks.TestDrinkOrderAPI" name="test_send_drink_invalid_sender" time="0.117" /><testcase classname="tests.test_dj_drinks.TestDrinkOrderAPI" name="test_get_drinks_at_location" time="0.580" /><testcase classname="tests.test_dj_drinks.TestDrinkOrderAPI" name="test_get_drinks_for_user" time="0.937" /><testcase classname="tests.test_dj_drinks.TestDrinkOrderAPI" name="test_update_drink_status_accepted" time="0.711" /><testcase classname="tests.test_dj_drinks.TestDrinkOrderAPI" name="test_update_drink_status_delivered" time="0.748" /><testcase classname="tests.test_dj_drinks.TestDrinkOrderAPI" name="test_update_drink_status_invalid" time="0.762" /><testcase classname="tests.test_dj_drinks.TestDrinkOrderFeed" name="test_drinks_feed_shows_status" time="0.128" /><testcase classname="tests.test_dj_drinks.TestDrinkOrderFeed" name="test_drinks_feed_shows_recent_only" time="0.115" /><testcase classname="tests.test_dj_drinks.TestDJAndDrinksIntegration" name="test_full_drink_flow" time="0.872" /></testsuite></testsuites>