<?xml version="1.0" encoding="utf-8"?><testsuites name="pytest tests"><testsuite name="pytest" errors="0" failures="0" skipped="0" tests="17" time="2.577" timestamp="2026-03-28T22:24:15.656696+00:00" hostname="agent-env-ae1dc515-4df7-4da2-8ddd-875aaef45379"><testcase classname="tests.test_dj_flow.TestDJFlow" name="test_01_dj_login" time="0.268" /><testcase classname="tests.test_dj_flow.TestDJFlow" name="test_02_dj_checkin" time="0.112" /><testcase classname="tests.test_dj_flow.TestDJFlow" name="test_03_dj_next_session_is_live" time="0.118" /><testcase classname="tests.test_dj_flow.TestDJFlow" name="test_04_checkin_includes_dj" time="0.135" /><testcase classname="tests.test_dj_flow.TestDJFlow" name="test_05_wall_users_includes_dj" time="0.119" /><testcase classname="tests.test_dj_flow.TestDJFlow" name="test_06_dj_at_location" time="0.120" /><testcase classname="tests.test_dj_flow.TestDJFlow" name="test_07_dj_checkout" time="0.116" /><testcase classname="tests.test_dj_flow.TestDJFlow" name="test_08_dj_no_longer_live" time="0.160" /><testcase classname="tests.test_dj_flow.TestDJFlow" name="test_09_checkin_no_longer_includes_dj" time="0.107" /><testcase classname="tests.test_dj_flow.TestDJFlow" name="test_10_cleanup_test_dj" time="0.110" /><testcase classname="tests.test_dj_flow.TestDJSongRequestFlow" name="test_01_setup_dj_checkin" time="0.337" /><testcase classname="tests.test_dj_flow.TestDJSongRequestFlow" name="test_02_submit_song_request" time="0.109" /><testcase classname="tests.test_dj_flow.TestDJSongRequestFlow" name="test_03_get_song_requests" time="0.124" /><testcase classname="tests.test_dj_flow.TestDJSongRequestFlow" name="test_04_cleanup_dj_checkout" time="0.211" /><testcase classname="tests.test_dj_flow.TestExistingDJs" name="test_01_get_scheduled_dj_names" time="0.120" /><testcase classname="tests.test_dj_flow.TestExistingDJs" name="test_02_get_dj_profiles" time="0.122" /><testcase classname="tests.test_dj_flow.TestExistingDJs" name="test_03_get_locations" time="0.119" /></testsuite></testsuites>