<?xml version="1.0" encoding="utf-8"?><testsuites name="pytest tests"><testsuite name="pytest" errors="0" failures="0" skipped="0" tests="19" time="7.498" timestamp="2026-02-26T23:56:42.083151+00:00" hostname="agent-env-442c4dfe-b909-4cf1-a1eb-189d098462c3"><testcase classname="backend.tests.test_dj_schedule.TestDJPublicEndpoints" name="test_get_all_dj_schedules" time="0.246" /><testcase classname="backend.tests.test_dj_schedule.TestDJPublicEndpoints" name="test_get_location_schedules" time="0.115" /><testcase classname="backend.tests.test_dj_schedule.TestDJPublicEndpoints" name="test_get_dj_at_location_live" time="0.101" /><testcase classname="backend.tests.test_dj_schedule.TestDJPublicEndpoints" name="test_get_dj_at_location_no_dj" time="0.161" /><testcase classname="backend.tests.test_dj_schedule.TestDJPublicEndpoints" name="test_get_all_dj_profiles_public" time="0.156" /><testcase classname="backend.tests.test_dj_schedule.TestDJAdminEndpoints" name="test_admin_get_dj_profiles" time="0.471" /><testcase classname="backend.tests.test_dj_schedule.TestDJAdminEndpoints" name="test_admin_create_dj_profile" time="0.481" /><testcase classname="backend.tests.test_dj_schedule.TestDJAdminEndpoints" name="test_admin_update_dj_profile" time="0.579" /><testcase classname="backend.tests.test_dj_schedule.TestDJAdminEndpoints" name="test_admin_delete_dj_profile" time="0.820" /><testcase classname="backend.tests.test_dj_schedule.TestDJAdminEndpoints" name="test_admin_get_all_schedules" time="0.483" /><testcase classname="backend.tests.test_dj_schedule.TestDJAdminEndpoints" name="test_admin_create_schedule" time="0.766" /><testcase classname="backend.tests.test_dj_schedule.TestDJAdminEndpoints" name="test_admin_create_recurring_schedule" time="0.817" /><testcase classname="backend.tests.test_dj_schedule.TestDJAdminEndpoints" name="test_admin_update_schedule" time="0.773" /><testcase classname="backend.tests.test_dj_schedule.TestDJAdminEndpoints" name="test_admin_delete_schedule" time="0.734" /><testcase classname="backend.tests.test_dj_schedule.TestDJIntegration" name="test_location_page_dj_data_flow" time="0.244" /><testcase classname="backend.tests.test_dj_schedule.TestDJAuthorizationSecurity" name="test_admin_profiles_requires_auth" time="0.102" /><testcase classname="backend.tests.test_dj_schedule.TestDJAuthorizationSecurity" name="test_admin_schedules_requires_auth" time="0.119" /><testcase classname="backend.tests.test_dj_schedule.TestDJAuthorizationSecurity" name="test_create_dj_profile_requires_auth" time="0.153" /><testcase classname="backend.tests.test_dj_schedule.TestDJAuthorizationSecurity" name="test_create_schedule_requires_auth" time="0.118" /></testsuite></testsuites>