<?xml version="1.0" encoding="utf-8"?><testsuites name="pytest tests"><testsuite name="pytest" errors="0" failures="0" skipped="0" tests="19" time="3.175" timestamp="2026-03-24T12:42:41.790933+00:00" hostname="agent-env-ae1dc515-4df7-4da2-8ddd-875aaef45379"><testcase classname="backend.tests.test_dj_status_social_wall.TestDJNextSession" name="test_dj_status_no_live_dj_with_next_session" time="0.240" /><testcase classname="backend.tests.test_dj_status_social_wall.TestDJNextSession" name="test_dj_status_live_dj" time="0.116" /><testcase classname="backend.tests.test_dj_status_social_wall.TestDJNextSession" name="test_dj_status_nonexistent_location" time="0.109" /><testcase classname="backend.tests.test_dj_status_social_wall.TestGroupChat" name="test_send_chat_message" time="0.126" /><testcase classname="backend.tests.test_dj_status_social_wall.TestGroupChat" name="test_get_chat_messages" time="0.111" /><testcase classname="backend.tests.test_dj_status_social_wall.TestGroupChat" name="test_chat_message_structure" time="0.149" /><testcase classname="backend.tests.test_dj_status_social_wall.TestDirectMessages" name="test_send_dm" time="0.177" /><testcase classname="backend.tests.test_dj_status_social_wall.TestDirectMessages" name="test_get_dm_conversations_sender" time="0.129" /><testcase classname="backend.tests.test_dj_status_social_wall.TestDirectMessages" name="test_get_dm_conversations_recipient" time="0.113" /><testcase classname="backend.tests.test_dj_status_social_wall.TestDirectMessages" name="test_get_dm_unread_count" time="0.115" /><testcase classname="backend.tests.test_dj_status_social_wall.TestDirectMessages" name="test_get_dm_thread" time="0.114" /><testcase classname="backend.tests.test_dj_status_social_wall.TestDirectMessages" name="test_dm_thread_marks_as_read" time="0.504" /><testcase classname="backend.tests.test_dj_status_social_wall.TestFeedPosts" name="test_create_text_post" time="0.123" /><testcase classname="backend.tests.test_dj_status_social_wall.TestFeedPosts" name="test_create_song_request_post" time="0.116" /><testcase classname="backend.tests.test_dj_status_social_wall.TestFeedPosts" name="test_get_feed_posts" time="0.097" /><testcase classname="backend.tests.test_dj_status_social_wall.TestFeedPosts" name="test_like_post" time="0.135" /><testcase classname="backend.tests.test_dj_status_social_wall.TestFeedPosts" name="test_existing_song_request_posts_display" time="0.107" /><testcase classname="backend.tests.test_dj_status_social_wall.TestWallUsers" name="test_get_wall_users" time="0.121" /><testcase classname="backend.tests.test_dj_status_social_wall.TestCleanup" name="test_cleanup_test_posts" time="0.382" /></testsuite></testsuites>