<?xml version="1.0" encoding="utf-8"?><testsuites name="pytest tests"><testsuite name="pytest" errors="0" failures="0" skipped="0" tests="14" time="5.798" timestamp="2026-03-20T22:59:05.275785+00:00" hostname="agent-env-e5938b2c-054c-4ada-b638-184f267c2f2d"><testcase classname="backend.tests.test_dj_tipping.TestDJProfilePaymentLinks" name="test_get_dj_profile" time="0.328" /><testcase classname="backend.tests.test_dj_tipping.TestDJProfilePaymentLinks" name="test_update_dj_payment_links" time="0.330" /><testcase classname="backend.tests.test_dj_tipping.TestDJAtLocationWithPaymentLinks" name="test_at_location_returns_payment_links" time="0.435" /><testcase classname="backend.tests.test_dj_tipping.TestDJAtLocationWithPaymentLinks" name="test_at_location_no_dj" time="0.494" /><testcase classname="backend.tests.test_dj_tipping.TestDJTipStripeCheckout" name="test_stripe_checkout_accepts_valid_request" time="0.672" /><testcase classname="backend.tests.test_dj_tipping.TestDJTipStripeCheckout" name="test_stripe_checkout_validates_amount" time="0.384" /><testcase classname="backend.tests.test_dj_tipping.TestDJTipStripeCheckout" name="test_stripe_checkout_requires_location" time="0.388" /><testcase classname="backend.tests.test_dj_tipping.TestDJTipRecord" name="test_record_cashapp_tip" time="0.448" /><testcase classname="backend.tests.test_dj_tipping.TestDJTipRecord" name="test_record_venmo_tip" time="0.381" /><testcase classname="backend.tests.test_dj_tipping.TestDJTipRecord" name="test_record_zelle_tip" time="0.399" /><testcase classname="backend.tests.test_dj_tipping.TestDJTipRecord" name="test_record_tip_requires_location" time="0.383" /><testcase classname="backend.tests.test_dj_tipping.TestDJTipRecord" name="test_record_tip_anonymous" time="0.394" /><testcase classname="backend.tests.test_dj_tipping.TestDJPanelLogin" name="test_dj_login_creates_profile" time="0.195" /><testcase classname="backend.tests.test_dj_tipping.TestDJPanelLogin" name="test_dj_checkin_checkout" time="0.466" /></testsuite></testsuites>