<?xml version="1.0" encoding="utf-8"?><testsuites name="pytest tests"><testsuite name="pytest" errors="0" failures="0" skipped="0" tests="6" time="1.053" timestamp="2026-07-26T20:46:52.411344+00:00" hostname="agent-env-ae1dc515-4df7-4da2-8ddd-875aaef45379"><testcase classname="backend.tests.test_emergency_broadcast" name="test_emergency_broadcast_success" time="0.338" /><testcase classname="backend.tests.test_emergency_broadcast" name="test_emergency_broadcast_default_author" time="0.090" /><testcase classname="backend.tests.test_emergency_broadcast" name="test_emergency_broadcast_empty_content" time="0.047" /><testcase classname="backend.tests.test_emergency_broadcast" name="test_emergency_broadcast_whitespace_content" time="0.044" /><testcase classname="backend.tests.test_emergency_broadcast" name="test_emergency_broadcast_too_long" time="0.047" /><testcase classname="backend.tests.test_emergency_broadcast" name="test_emergency_broadcast_fanout_all_locations" time="0.439" /></testsuite></testsuites>