<?xml version="1.0" encoding="utf-8"?><testsuites name="pytest tests"><testsuite name="pytest" errors="0" failures="0" skipped="0" tests="16" time="2.598" timestamp="2026-03-24T13:02:48.445883+00:00" hostname="agent-env-ae1dc515-4df7-4da2-8ddd-875aaef45379"><testcase classname="backend.tests.test_events_account_dm.TestEventsAPI" name="test_get_public_events_returns_active_only" time="0.158" /><testcase classname="backend.tests.test_events_account_dm.TestEventsAPI" name="test_events_have_required_fields" time="0.116" /><testcase classname="backend.tests.test_events_account_dm.TestEventsAPI" name="test_event_packages_endpoint" time="0.135" /><testcase classname="backend.tests.test_events_account_dm.TestDMsAPI" name="test_get_dm_conversations" time="0.115" /><testcase classname="backend.tests.test_events_account_dm.TestDMsAPI" name="test_dm_conversations_have_partner_info" time="0.116" /><testcase classname="backend.tests.test_events_account_dm.TestDMsAPI" name="test_get_dm_thread" time="0.121" /><testcase classname="backend.tests.test_events_account_dm.TestDMsAPI" name="test_dm_thread_messages_have_required_fields" time="0.167" /><testcase classname="backend.tests.test_events_account_dm.TestDMsAPI" name="test_get_unread_count" time="0.110" /><testcase classname="backend.tests.test_events_account_dm.TestDMsAPI" name="test_send_dm" time="0.118" /><testcase classname="backend.tests.test_events_account_dm.TestDMsAPI" name="test_sent_dm_appears_in_thread" time="0.225" /><testcase classname="backend.tests.test_events_account_dm.TestUserProfileAPI" name="test_get_user_profile" time="0.131" /><testcase classname="backend.tests.test_events_account_dm.TestUserProfileAPI" name="test_user_profile_has_required_fields" time="0.126" /><testcase classname="backend.tests.test_events_account_dm.TestLocationsAPI" name="test_get_locations" time="0.153" /><testcase classname="backend.tests.test_events_account_dm.TestGalleryAPI" name="test_get_user_gallery_submissions" time="0.121" /><testcase classname="backend.tests.test_events_account_dm.TestAdminEventsAPI" name="test_admin_toggle_event_inactive" time="0.389" /><testcase classname="backend.tests.test_events_account_dm.TestAdminEventsAPI" name="test_admin_toggle_event_active" time="0.220" /></testsuite></testsuites>