<?xml version="1.0" encoding="utf-8"?><testsuites name="pytest tests"><testsuite name="pytest" errors="0" failures="0" skipped="0" tests="14" time="7.794" timestamp="2026-02-17T19:30:20.954637+00:00" hostname="agent-env-73f08d83-73f0-4c5a-9b33-e93f328bf520"><testcase classname="backend.tests.test_gallery_api.TestGalleryPublicEndpoint" name="test_get_public_gallery_returns_200" time="0.233" /><testcase classname="backend.tests.test_gallery_api.TestGalleryPublicEndpoint" name="test_get_public_gallery_returns_list" time="0.199" /><testcase classname="backend.tests.test_gallery_api.TestAdminAuth" name="test_admin_login_success" time="0.386" /><testcase classname="backend.tests.test_gallery_api.TestAdminAuth" name="test_admin_login_invalid_credentials" time="0.390" /><testcase classname="backend.tests.test_gallery_api.TestAdminGalleryEndpoints" name="test_admin_gallery_requires_auth" time="0.602" /><testcase classname="backend.tests.test_gallery_api.TestAdminGalleryEndpoints" name="test_get_admin_gallery" time="0.453" /><testcase classname="backend.tests.test_gallery_api.TestAdminGalleryEndpoints" name="test_create_gallery_item" time="0.614" /><testcase classname="backend.tests.test_gallery_api.TestAdminGalleryEndpoints" name="test_create_and_verify_persistence" time="0.762" /><testcase classname="backend.tests.test_gallery_api.TestAdminGalleryEndpoints" name="test_update_gallery_item" time="0.995" /><testcase classname="backend.tests.test_gallery_api.TestAdminGalleryEndpoints" name="test_toggle_visibility" time="1.046" /><testcase classname="backend.tests.test_gallery_api.TestAdminGalleryEndpoints" name="test_delete_gallery_item" time="0.869" /><testcase classname="backend.tests.test_gallery_api.TestAdminGalleryEndpoints" name="test_delete_nonexistent_item" time="0.512" /><testcase classname="backend.tests.test_gallery_api.TestAdminGalleryEndpoints" name="test_update_nonexistent_item" time="0.530" /><testcase classname="backend.tests.test_gallery_api.TestPublicGalleryFallback" name="test_public_gallery_empty_returns_empty_list" time="0.129" /></testsuite></testsuites>