<?xml version="1.0" encoding="utf-8"?><testsuites name="pytest tests"><testsuite name="pytest" errors="0" failures="0" skipped="0" tests="5" time="4.373" timestamp="2026-07-28T11:52:29.451928+00:00" hostname="agent-env-ae1dc515-4df7-4da2-8ddd-875aaef45379"><testcase classname="backend.tests.test_homepage_modules" name="test_public_settings_contains_all_five_flags" time="0.331" /><testcase classname="backend.tests.test_homepage_modules" name="test_admin_settings_contains_all_five_flags" time="0.115" /><testcase classname="backend.tests.test_homepage_modules" name="test_toggle_each_flag_off_then_on_roundtrip" time="3.268" /><testcase classname="backend.tests.test_homepage_modules" name="test_unknown_keys_are_ignored" time="0.407" /><testcase classname="backend.tests.test_homepage_modules" name="test_leave_all_flags_on_at_end" time="0.207" /></testsuite></testsuites>