<?xml version="1.0" encoding="utf-8"?><testsuites name="pytest tests"><testsuite name="pytest" errors="0" failures="0" skipped="0" tests="14" time="3.635" timestamp="2026-03-02T20:14:56.476490+00:00" hostname="agent-env-be9ef893-a7ab-48eb-bfe0-14ddf0275afc"><testcase classname="backend.tests.test_image_editor_and_specials.TestAdminAuthentication" name="test_admin_login_success" time="0.494" /><testcase classname="backend.tests.test_image_editor_and_specials.TestAdminAuthentication" name="test_admin_login_invalid_password" time="0.615" /><testcase classname="backend.tests.test_image_editor_and_specials.TestAdminAuthentication" name="test_admin_me_endpoint" time="0.592" /><testcase classname="backend.tests.test_image_editor_and_specials.TestDailySpecials" name="test_get_daily_specials_public" time="0.128" /><testcase classname="backend.tests.test_image_editor_and_specials.TestDailySpecials" name="test_daily_specials_content" time="0.111" /><testcase classname="backend.tests.test_image_editor_and_specials.TestDailySpecials" name="test_admin_get_daily_specials" time="0.116" /><testcase classname="backend.tests.test_image_editor_and_specials.TestMenuItems" name="test_get_public_menu_items" time="0.146" /><testcase classname="backend.tests.test_image_editor_and_specials.TestMenuItems" name="test_admin_get_menu_items" time="0.122" /><testcase classname="backend.tests.test_image_editor_and_specials.TestMenuItems" name="test_admin_update_menu_item_image" time="0.504" /><testcase classname="backend.tests.test_image_editor_and_specials.TestImageUpload" name="test_admin_upload_requires_auth" time="0.154" /><testcase classname="backend.tests.test_image_editor_and_specials.TestImageUpload" name="test_admin_upload_endpoint_exists" time="0.142" /><testcase classname="backend.tests.test_image_editor_and_specials.TestAdminSpecials" name="test_get_public_specials" time="0.185" /><testcase classname="backend.tests.test_image_editor_and_specials.TestAdminSpecials" name="test_admin_get_specials" time="0.125" /><testcase classname="backend.tests.test_image_editor_and_specials.TestAdminStats" name="test_admin_stats" time="0.121" /></testsuite></testsuites>