<?xml version="1.0" encoding="utf-8"?><testsuites name="pytest tests"><testsuite name="pytest" errors="0" failures="0" skipped="1" tests="27" time="5.775" timestamp="2026-07-25T17:05:39.305268+00:00" hostname="agent-env-ae1dc515-4df7-4da2-8ddd-875aaef45379"><testcase classname="backend.tests.test_livekit" name="test_dj_token_valid" time="0.416" /><testcase classname="backend.tests.test_livekit" name="test_viewer_token_409_when_not_live" time="0.078" /><testcase classname="backend.tests.test_livekit" name="test_stream_start" time="0.080" /><testcase classname="backend.tests.test_livekit" name="test_viewer_token_after_start" time="0.076" /><testcase classname="backend.tests.test_livekit" name="test_stream_status_active" time="0.081" /><testcase classname="backend.tests.test_livekit" name="test_streams_active_list" time="0.076" /><testcase classname="backend.tests.test_livekit" name="test_dj_profile_synced" time="0.075"><skipped type="pytest.skip" message="/api/djs not available (404)">/app/backend/tests/test_livekit.py:125: /api/djs not available (404)</skipped></testcase><testcase classname="backend.tests.test_livekit" name="test_slug_sanitization" time="0.079" /><testcase classname="backend.tests.test_livekit" name="test_stream_stop" time="0.074" /><testcase classname="backend.tests.test_livekit" name="test_viewer_token_409_after_stop" time="0.077" /><testcase classname="backend.tests.test_livekit" name="test_status_inactive_after_stop" time="0.075" /><testcase classname="backend.tests.test_livekit" name="test_ws_stream_active_endpoint" time="0.077" /><testcase classname="backend.tests.test_livekit" name="test_ws_stream_active_by_location" time="0.084" /><testcase classname="backend.tests.test_livekit" name="test_empty_slug_400" time="0.076" /><testcase classname="backend.tests.test_livekit" name="test_missing_fields_start" time="0.154" /><testcase classname="backend.tests.test_livekit_guest" name="test_guest_token_409_when_not_live" time="0.185" /><testcase classname="backend.tests.test_livekit_guest" name="test_stream_start" time="0.046" /><testcase classname="backend.tests.test_livekit_guest" name="test_guest_token_after_start" time="1.215" /><testcase classname="backend.tests.test_livekit_guest" name="test_viewer_token_canpublish_false" time="0.045" /><testcase classname="backend.tests.test_livekit_guest" name="test_dj_token_canpublish_true" time="0.045" /><testcase classname="backend.tests.test_livekit_guest" name="test_invalid_role_422" time="0.048" /><testcase classname="backend.tests.test_livekit_guest" name="test_max_publishers_field_all_roles" time="1.221" /><testcase classname="backend.tests.test_livekit_guest" name="test_guest_issued_when_zero_publishers" time="1.092" /><testcase classname="backend.tests.test_livekit_guest" name="test_stream_stop" time="0.045" /><testcase classname="backend.tests.test_livekit_guest" name="test_guest_409_after_stop" time="0.048" /><testcase classname="backend.tests.test_livekit_guest" name="test_streams_active_endpoint" time="0.045" /><testcase classname="backend.tests.test_livekit_guest" name="test_stream_status_endpoint" time="0.096" /></testsuite></testsuites>