<?xml version="1.0" encoding="utf-8"?><testsuites name="pytest tests"><testsuite name="pytest" errors="0" failures="0" skipped="0" tests="6" time="1.055" timestamp="2026-07-26T17:30:52.059670+00:00" hostname="agent-env-ae1dc515-4df7-4da2-8ddd-875aaef45379"><testcase classname="backend.tests.test_profile_role_checkin" name="test_get_dj_profile_persisted" time="0.431" /><testcase classname="backend.tests.test_profile_role_checkin" name="test_get_by_email_returns_dj" time="0.042" /><testcase classname="backend.tests.test_profile_role_checkin" name="test_create_guest_profile_via_checkin_flow" time="0.129" /><testcase classname="backend.tests.test_profile_role_checkin" name="test_role_setter_updates_role_and_staff_title" time="0.171" /><testcase classname="backend.tests.test_profile_role_checkin" name="test_role_setter_guest_clears_staff_title" time="0.137" /><testcase classname="backend.tests.test_profile_role_checkin" name="test_checkin_endpoint_records_visit" time="0.085" /></testsuite></testsuites>