<?xml version="1.0" encoding="utf-8"?><testsuites name="pytest tests"><testsuite name="pytest" errors="0" failures="0" skipped="0" tests="13" time="3.863" timestamp="2026-03-20T14:33:42.666815+00:00" hostname="agent-env-2e07da3b-0fd2-4ff7-8b97-4b10f31092ad"><testcase classname="backend.tests.test_karaoke.TestDJLogin" name="test_dj_login_creates_profile" time="0.148" /><testcase classname="backend.tests.test_karaoke.TestDJLogin" name="test_dj_login_finds_existing" time="0.216" /><testcase classname="backend.tests.test_karaoke.TestDJCheckin" name="test_dj_checkin_to_location" time="0.224" /><testcase classname="backend.tests.test_karaoke.TestDJCheckin" name="test_dj_checkout" time="0.276" /><testcase classname="backend.tests.test_karaoke.TestKaraokeToggle" name="test_toggle_karaoke_on" time="0.219" /><testcase classname="backend.tests.test_karaoke.TestKaraokeToggle" name="test_toggle_karaoke_off" time="0.394" /><testcase classname="backend.tests.test_karaoke.TestKaraokeStatus" name="test_get_karaoke_status_inactive" time="0.167" /><testcase classname="backend.tests.test_karaoke.TestKaraokeStatus" name="test_get_karaoke_status_active" time="0.347" /><testcase classname="backend.tests.test_karaoke.TestSongRequest" name="test_submit_karaoke_song_request" time="0.360" /><testcase classname="backend.tests.test_karaoke.TestKaraokeQueue" name="test_get_karaoke_queue" time="0.465" /><testcase classname="backend.tests.test_karaoke.TestMarkSongStatus" name="test_mark_song_as_played" time="0.493" /><testcase classname="backend.tests.test_karaoke.TestMarkSongStatus" name="test_mark_song_as_skipped" time="0.359" /><testcase classname="backend.tests.test_karaoke.TestLocationsEndpoint" name="test_get_locations" time="0.135" /></testsuite></testsuites>