<?xml version="1.0" encoding="utf-8"?><testsuites name="pytest tests"><testsuite name="pytest" errors="0" failures="0" skipped="0" tests="13" time="5.038" timestamp="2026-03-20T14:43:19.026763+00:00" hostname="agent-env-2e07da3b-0fd2-4ff7-8b97-4b10f31092ad"><testcase classname="backend.tests.test_karaoke_role.TestUserRegistrationWithRole" name="test_register_user_as_customer" time="0.294" /><testcase classname="backend.tests.test_karaoke_role.TestUserRegistrationWithRole" name="test_register_user_as_server" time="0.160" /><testcase classname="backend.tests.test_karaoke_role.TestUserRegistrationWithRole" name="test_register_user_as_bartender" time="0.166" /><testcase classname="backend.tests.test_karaoke_role.TestUserRegistrationWithRole" name="test_register_user_as_manager" time="0.160" /><testcase classname="backend.tests.test_karaoke_role.TestUserRegistrationWithRole" name="test_register_user_as_dj" time="0.151" /><testcase classname="backend.tests.test_karaoke_role.TestUserRegistrationWithRole" name="test_register_user_invalid_role_defaults_to_customer" time="0.138" /><testcase classname="backend.tests.test_karaoke_role.TestUserRegistrationWithRole" name="test_register_user_without_role_defaults_to_customer" time="0.156" /><testcase classname="backend.tests.test_karaoke_role.TestDJAtLocation" name="test_dj_at_location_no_dj" time="0.179" /><testcase classname="backend.tests.test_karaoke_role.TestDJAtLocation" name="test_dj_checkin_and_verify_at_location" time="0.700" /><testcase classname="backend.tests.test_karaoke_role.TestKaraokeStatus" name="test_karaoke_status_inactive" time="0.133" /><testcase classname="backend.tests.test_karaoke_role.TestKaraokeStatus" name="test_karaoke_toggle_on_and_off" time="0.963" /><testcase classname="backend.tests.test_karaoke_role.TestKaraokeVsRequestSongScenario" name="test_dj_present_without_karaoke_returns_request_song_state" time="0.997" /><testcase classname="backend.tests.test_karaoke_role.TestKaraokeVsRequestSongScenario" name="test_karaoke_active_returns_karaoke_signup_state" time="0.779" /></testsuite></testsuites>