<?xml version="1.0" encoding="utf-8"?><testsuites name="pytest tests"><testsuite name="pytest" errors="0" failures="0" skipped="0" tests="10" time="1.313" timestamp="2026-03-27T04:33:11.184036+00:00" hostname="agent-env-ae1dc515-4df7-4da2-8ddd-875aaef45379"><testcase classname="backend.tests.test_live_stream.TestStreamEndpoints" name="test_get_active_streams_empty" time="0.126" /><testcase classname="backend.tests.test_live_stream.TestStreamEndpoints" name="test_get_stream_status_inactive" time="0.162" /><testcase classname="backend.tests.test_live_stream.TestStreamEndpoints" name="test_get_stream_status_nonexistent_location" time="0.138" /><testcase classname="backend.tests.test_live_stream.TestDJNextSession" name="test_edgewood_timezone" time="0.108" /><testcase classname="backend.tests.test_live_stream.TestDJNextSession" name="test_las_vegas_timezone" time="0.120" /><testcase classname="backend.tests.test_live_stream.TestDJPanelEndpoints" name="test_dj_weekly_schedule_names" time="0.136" /><testcase classname="backend.tests.test_live_stream.TestDJPanelEndpoints" name="test_locations_endpoint" time="0.120" /><testcase classname="backend.tests.test_live_stream.TestWebSocketEndpointExists" name="test_websocket_endpoint_defined" time="0.109" /><testcase classname="backend.tests.test_live_stream.TestHomepageLiveStatus" name="test_stream_active_for_homepage" time="0.116" /><testcase classname="backend.tests.test_live_stream.TestHomepageLiveStatus" name="test_dj_next_session_for_homepage" time="0.117" /></testsuite></testsuites>