<?xml version="1.0" encoding="utf-8"?><testsuites name="pytest tests"><testsuite name="pytest" errors="0" failures="0" skipped="0" tests="12" time="4.239" timestamp="2026-07-25T16:26:22.025173+00:00" hostname="agent-env-ae1dc515-4df7-4da2-8ddd-875aaef45379"><testcase classname="backend.tests.test_livekit_guest" name="test_guest_token_409_when_not_live" time="0.276" /><testcase classname="backend.tests.test_livekit_guest" name="test_stream_start" time="0.050" /><testcase classname="backend.tests.test_livekit_guest" name="test_guest_token_after_start" time="1.214" /><testcase classname="backend.tests.test_livekit_guest" name="test_viewer_token_canpublish_false" time="0.047" /><testcase classname="backend.tests.test_livekit_guest" name="test_dj_token_canpublish_true" time="0.043" /><testcase classname="backend.tests.test_livekit_guest" name="test_invalid_role_422" time="0.045" /><testcase classname="backend.tests.test_livekit_guest" name="test_max_publishers_field_all_roles" time="1.181" /><testcase classname="backend.tests.test_livekit_guest" name="test_guest_issued_when_zero_publishers" time="1.092" /><testcase classname="backend.tests.test_livekit_guest" name="test_stream_stop" time="0.048" /><testcase classname="backend.tests.test_livekit_guest" name="test_guest_409_after_stop" time="0.046" /><testcase classname="backend.tests.test_livekit_guest" name="test_streams_active_endpoint" time="0.046" /><testcase classname="backend.tests.test_livekit_guest" name="test_stream_status_endpoint" time="0.090" /></testsuite></testsuites>