<?xml version="1.0" encoding="utf-8"?><testsuites name="pytest tests"><testsuite name="pytest" errors="0" failures="1" skipped="0" tests="12" time="3.044" timestamp="2026-02-18T18:30:02.996309+00:00" hostname="agent-env-b187f2ff-d0c5-44b0-95b6-9e807f57053b"><testcase classname="backend.tests.test_locations.TestPublicLocationEndpoints" name="test_get_all_locations_returns_8_locations" time="0.201" /><testcase classname="backend.tests.test_locations.TestPublicLocationEndpoints" name="test_get_edgewood_atlanta_location" time="0.149" /><testcase classname="backend.tests.test_locations.TestPublicLocationEndpoints" name="test_get_midtown_atlanta_location" time="0.128" /><testcase classname="backend.tests.test_locations.TestPublicLocationEndpoints" name="test_get_nonexistent_location_returns_404" time="0.132" /><testcase classname="backend.tests.test_locations.TestPublicLocationEndpoints" name="test_all_locations_have_snake_case_properties" time="0.157" /><testcase classname="backend.tests.test_locations.TestAdminLocationEndpoints" name="test_admin_get_all_locations" time="0.660" /><testcase classname="backend.tests.test_locations.TestAdminLocationEndpoints" name="test_admin_access_denied_without_auth" time="0.146" /><testcase classname="backend.tests.test_locations.TestAdminLocationEndpoints" name="test_admin_locations_include_inactive" time="0.662" /><testcase classname="backend.tests.test_locations.TestLocationDataIntegrity" name="test_all_locations_have_required_fields" time="0.165" /><testcase classname="backend.tests.test_locations.TestLocationDataIntegrity" name="test_location_coordinates_are_valid" time="0.162" /><testcase classname="backend.tests.test_locations.TestLocationDataIntegrity" name="test_location_slugs_are_unique" time="0.200" /><testcase classname="backend.tests.test_locations.TestLocationDataIntegrity" name="test_known_locations_exist" time="0.192"><failure message="AssertionError: Missing expected location: marietta&#10;assert 'marietta' in ['edgewood-atlanta', 'midtown-atlanta', 'douglasville', 'riverdale', 'valdosta', 'albany', ...]">backend/tests/test_locations.py:252: in test_known_locations_exist
    assert expected_slug in slugs, f"Missing expected location: {expected_slug}"
E   AssertionError: Missing expected location: marietta
E   assert 'marietta' in ['edgewood-atlanta', 'midtown-atlanta', 'douglasville', 'riverdale', 'valdosta', 'albany', ...]</failure></testcase></testsuite></testsuites>