<?xml version="1.0" encoding="utf-8"?><testsuites name="pytest tests"><testsuite name="pytest" errors="0" failures="0" skipped="0" tests="9" time="1.940" timestamp="2026-02-28T18:34:52.940296+00:00" hostname="agent-env-ef83a247-8d29-4554-881e-57784516cb1c"><testcase classname="backend.tests.test_location_visibility.TestLocationVisibilityToggle" name="test_01_public_locations_api_returns_only_active" time="0.603" /><testcase classname="backend.tests.test_location_visibility.TestLocationVisibilityToggle" name="test_02_admin_locations_api_returns_all" time="0.115" /><testcase classname="backend.tests.test_location_visibility.TestLocationVisibilityToggle" name="test_03_toggle_location_to_hidden" time="0.273" /><testcase classname="backend.tests.test_location_visibility.TestLocationVisibilityToggle" name="test_04_hidden_location_not_in_public_api" time="0.125" /><testcase classname="backend.tests.test_location_visibility.TestLocationVisibilityToggle" name="test_05_hidden_location_visible_in_admin_api" time="0.121" /><testcase classname="backend.tests.test_location_visibility.TestLocationVisibilityToggle" name="test_06_toggle_location_to_visible" time="0.268" /><testcase classname="backend.tests.test_location_visibility.TestLocationVisibilityToggle" name="test_07_visible_location_in_public_api" time="0.132" /><testcase classname="backend.tests.test_location_visibility.TestLocationVisibilityToggle" name="test_08_admin_locations_requires_auth" time="0.107" /><testcase classname="backend.tests.test_location_visibility.TestLocationVisibilityToggle" name="test_09_update_location_requires_auth" time="0.118" /></testsuite></testsuites>