<?xml version="1.0" encoding="utf-8"?><testsuites name="pytest tests"><testsuite name="pytest" errors="0" failures="0" skipped="0" tests="12" time="2.582" timestamp="2026-02-18T18:30:25.875548+00:00" hostname="agent-env-b187f2ff-d0c5-44b0-95b6-9e807f57053b"><testcase classname="backend.tests.test_locations.TestPublicLocationEndpoints" name="test_get_all_locations_returns_8_locations" time="0.155" /><testcase classname="backend.tests.test_locations.TestPublicLocationEndpoints" name="test_get_edgewood_atlanta_location" time="0.123" /><testcase classname="backend.tests.test_locations.TestPublicLocationEndpoints" name="test_get_midtown_atlanta_location" time="0.132" /><testcase classname="backend.tests.test_locations.TestPublicLocationEndpoints" name="test_get_nonexistent_location_returns_404" time="0.189" /><testcase classname="backend.tests.test_locations.TestPublicLocationEndpoints" name="test_all_locations_have_snake_case_properties" time="0.108" /><testcase classname="backend.tests.test_locations.TestAdminLocationEndpoints" name="test_admin_get_all_locations" time="0.530" /><testcase classname="backend.tests.test_locations.TestAdminLocationEndpoints" name="test_admin_access_denied_without_auth" time="0.271" /><testcase classname="backend.tests.test_locations.TestAdminLocationEndpoints" name="test_admin_locations_include_inactive" time="0.476" /><testcase classname="backend.tests.test_locations.TestLocationDataIntegrity" name="test_all_locations_have_required_fields" time="0.123" /><testcase classname="backend.tests.test_locations.TestLocationDataIntegrity" name="test_location_coordinates_are_valid" time="0.144" /><testcase classname="backend.tests.test_locations.TestLocationDataIntegrity" name="test_location_slugs_are_unique" time="0.117" /><testcase classname="backend.tests.test_locations.TestLocationDataIntegrity" name="test_known_locations_exist" time="0.143" /></testsuite></testsuites>