<?xml version="1.0" encoding="utf-8"?><testsuites name="pytest tests"><testsuite name="pytest" errors="0" failures="0" skipped="0" tests="8" time="9.872" timestamp="2026-07-26T17:42:59.759709+00:00" hostname="agent-env-ae1dc515-4df7-4da2-8ddd-875aaef45379"><testcase classname="backend.tests.test_magic_link.TestMagicLinkRequest" name="test_new_email_creates_profile_and_token" time="1.433" /><testcase classname="backend.tests.test_magic_link.TestMagicLinkRequest" name="test_existing_email_does_not_duplicate_profile" time="3.971" /><testcase classname="backend.tests.test_magic_link.TestMagicLinkRequest" name="test_invalid_email_returns_400" time="0.050" /><testcase classname="backend.tests.test_magic_link.TestMagicLinkRequest" name="test_missing_email_returns_400" time="0.052" /><testcase classname="backend.tests.test_magic_link.TestMagicLinkVerify" name="test_verify_valid_token" time="1.351" /><testcase classname="backend.tests.test_magic_link.TestMagicLinkVerify" name="test_reuse_same_token_returns_410" time="1.441" /><testcase classname="backend.tests.test_magic_link.TestMagicLinkVerify" name="test_bogus_token_returns_404" time="0.052" /><testcase classname="backend.tests.test_magic_link.TestMagicLinkVerify" name="test_expired_token_returns_410" time="1.379" /></testsuite></testsuites>