<?xml version="1.0" encoding="utf-8"?><testsuites name="pytest tests"><testsuite name="pytest" errors="0" failures="0" skipped="0" tests="8" time="3.928" timestamp="2026-03-30T20:44:04.951710+00:00" hostname="agent-env-ae1dc515-4df7-4da2-8ddd-875aaef45379"><testcase classname="backend.tests.test_menu_sync.TestMenuLocationFilter" name="test_get_all_menu_items_no_filter" time="0.333" /><testcase classname="backend.tests.test_menu_sync.TestMenuLocationFilter" name="test_get_edgewood_menu_items" time="0.151" /><testcase classname="backend.tests.test_menu_sync.TestMenuLocationFilter" name="test_get_midtown_menu_items" time="0.155" /><testcase classname="backend.tests.test_menu_sync.TestMenuLocationFilter" name="test_public_menu_items_with_location_filter" time="0.134" /><testcase classname="backend.tests.test_menu_sync.TestMenuSyncAllLocations" name="test_update_with_sync_all_locations_true" time="0.681" /><testcase classname="backend.tests.test_menu_sync.TestMenuSyncAllLocations" name="test_update_without_sync_only_updates_specific_item" time="0.877" /><testcase classname="backend.tests.test_menu_sync.TestPublicMenuAfterAdminEdit" name="test_public_menu_shows_updated_data" time="0.546" /><testcase classname="backend.tests.test_menu_sync.TestMenuItemCounts" name="test_location_item_counts" time="0.977" /></testsuite></testsuites>