<?xml version="1.0" encoding="utf-8"?><testsuites name="pytest tests"><testsuite name="pytest" errors="0" failures="0" skipped="0" tests="13" time="5.646" timestamp="2026-04-01T18:10:16.323864+00:00" hostname="agent-env-ae1dc515-4df7-4da2-8ddd-875aaef45379"><testcase classname="backend.tests.test_menu_fallback.TestPublicMenuEndpoints" name="test_get_menu_items_no_filter" time="0.260" /><testcase classname="backend.tests.test_menu_fallback.TestPublicMenuEndpoints" name="test_get_menu_items_with_location_slug" time="0.157" /><testcase classname="backend.tests.test_menu_fallback.TestPublicMenuEndpoints" name="test_get_menu_items_with_nonexistent_location" time="0.135" /><testcase classname="backend.tests.test_menu_fallback.TestAdminMenuEndpoints" name="test_get_admin_menu_items_no_filter" time="0.800" /><testcase classname="backend.tests.test_menu_fallback.TestAdminMenuEndpoints" name="test_get_admin_menu_items_with_location_slug" time="0.715" /><testcase classname="backend.tests.test_menu_fallback.TestAdminMenuEndpoints" name="test_update_menu_item" time="1.222" /><testcase classname="backend.tests.test_menu_fallback.TestOtherEndpoints" name="test_get_admin_stats" time="0.717" /><testcase classname="backend.tests.test_menu_fallback.TestOtherEndpoints" name="test_get_locations" time="0.113" /><testcase classname="backend.tests.test_menu_fallback.TestOtherEndpoints" name="test_get_homepage_content" time="0.137" /><testcase classname="backend.tests.test_menu_fallback.TestOtherEndpoints" name="test_get_admin_contacts" time="0.704" /><testcase classname="backend.tests.test_menu_fallback.TestOtherEndpoints" name="test_get_token_packages" time="0.107" /><testcase classname="backend.tests.test_menu_fallback.TestMenuFallbackLogic" name="test_menu_items_count_consistency" time="0.317" /><testcase classname="backend.tests.test_menu_fallback.TestMenuFallbackLogic" name="test_menu_items_have_required_fields" time="0.191" /></testsuite></testsuites>