<?xml version="1.0" encoding="utf-8"?><testsuites name="pytest tests"><testsuite name="pytest" errors="0" failures="0" skipped="0" tests="17" time="2.659" timestamp="2026-03-28T16:12:12.383242+00:00" hostname="agent-env-ae1dc515-4df7-4da2-8ddd-875aaef45379"><testcase classname="backend.tests.test_people_export.TestAdminPeopleEndpoints" name="test_get_people_returns_list" time="0.224" /><testcase classname="backend.tests.test_people_export.TestAdminPeopleEndpoints" name="test_get_people_has_required_fields" time="0.166" /><testcase classname="backend.tests.test_people_export.TestAdminPeopleEndpoints" name="test_get_people_sources_present" time="0.147" /><testcase classname="backend.tests.test_people_export.TestAdminPeopleEndpoints" name="test_export_people_csv" time="0.145" /><testcase classname="backend.tests.test_people_export.TestAdminPeopleEndpoints" name="test_export_csv_has_headers" time="0.107" /><testcase classname="backend.tests.test_people_export.TestAdminPeopleEndpoints" name="test_export_csv_data_matches_api" time="0.165" /><testcase classname="backend.tests.test_people_export.TestLoyaltyMembersCRUD" name="test_get_loyalty_members" time="0.112" /><testcase classname="backend.tests.test_people_export.TestLoyaltyMembersCRUD" name="test_create_loyalty_member" time="0.160" /><testcase classname="backend.tests.test_people_export.TestContactsCRUD" name="test_get_contacts" time="0.104" /><testcase classname="backend.tests.test_people_export.TestContactsCRUD" name="test_create_contact" time="0.129" /><testcase classname="backend.tests.test_people_export.TestContactsCRUD" name="test_update_contact_status" time="0.277" /><testcase classname="backend.tests.test_people_export.TestContactsCRUD" name="test_delete_contact" time="0.252" /><testcase classname="backend.tests.test_people_export.TestPWAEndpoints" name="test_manifest_accessible" time="0.108" /><testcase classname="backend.tests.test_people_export.TestPWAEndpoints" name="test_service_worker_accessible" time="0.101" /><testcase classname="backend.tests.test_people_export.TestPWAEndpoints" name="test_vapid_public_key" time="0.111" /><testcase classname="backend.tests.test_people_export.TestLocationsWithReviewUrls" name="test_locations_endpoint" time="0.106" /><testcase classname="backend.tests.test_people_export.TestLocationsWithReviewUrls" name="test_locations_have_required_fields" time="0.144" /></testsuite></testsuites>