<?xml version="1.0" encoding="utf-8"?><testsuites name="pytest tests"><testsuite name="pytest" errors="0" failures="0" skipped="0" tests="22" time="8.662" timestamp="2026-02-15T02:51:23.892574+00:00" hostname="agent-env-48e4057c-c6a3-45f5-b6ce-aa6ce35b0f80"><testcase classname="tests.test_admin_auth.TestHealthCheck" name="test_api_root" time="0.138" /><testcase classname="tests.test_admin_auth.TestAdminAuth" name="test_login_success" time="0.334" /><testcase classname="tests.test_admin_auth.TestAdminAuth" name="test_login_invalid_username" time="0.126" /><testcase classname="tests.test_admin_auth.TestAdminAuth" name="test_login_invalid_password" time="0.328" /><testcase classname="tests.test_admin_auth.TestAdminAuth" name="test_auth_me_endpoint" time="0.533" /><testcase classname="tests.test_admin_auth.TestAdminAuth" name="test_auth_me_without_token" time="0.126" /><testcase classname="tests.test_admin_auth.TestAdminAuth" name="test_auth_me_invalid_token" time="0.116" /><testcase classname="tests.test_admin_auth.TestAdminDashboard" name="test_admin_stats" time="0.484" /><testcase classname="tests.test_admin_auth.TestAdminDashboard" name="test_admin_stats_without_auth" time="0.190" /><testcase classname="tests.test_admin_auth.TestLoyaltyMembers" name="test_loyalty_signup_public" time="0.110" /><testcase classname="tests.test_admin_auth.TestLoyaltyMembers" name="test_loyalty_signup_duplicate_email" time="0.375" /><testcase classname="tests.test_admin_auth.TestLoyaltyMembers" name="test_get_loyalty_members" time="0.438" /><testcase classname="tests.test_admin_auth.TestLoyaltyMembers" name="test_delete_loyalty_member" time="0.584" /><testcase classname="tests.test_admin_auth.TestContacts" name="test_submit_contact_form" time="0.108" /><testcase classname="tests.test_admin_auth.TestContacts" name="test_get_contacts_admin" time="0.470" /><testcase classname="tests.test_admin_auth.TestContacts" name="test_update_contact_status" time="0.551" /><testcase classname="tests.test_admin_auth.TestMenuItems" name="test_get_menu_items" time="0.636" /><testcase classname="tests.test_admin_auth.TestMenuItems" name="test_create_menu_item" time="0.468" /><testcase classname="tests.test_admin_auth.TestMenuItems" name="test_update_menu_item" time="0.674" /><testcase classname="tests.test_admin_auth.TestMenuItems" name="test_delete_menu_item" time="0.687" /><testcase classname="tests.test_admin_auth.TestNotifications" name="test_send_notification" time="0.592" /><testcase classname="tests.test_admin_auth.TestNotifications" name="test_get_notification_history" time="0.527" /></testsuite></testsuites>