<?xml version="1.0" encoding="utf-8"?><testsuites name="pytest tests"><testsuite name="pytest" errors="0" failures="0" skipped="0" tests="25" time="4.588" timestamp="2026-03-31T22:28:05.891539+00:00" hostname="agent-env-ae1dc515-4df7-4da2-8ddd-875aaef45379"><testcase classname="tests.test_refactor_verification.TestMenuAPI" name="test_get_menu_items" time="0.252" /><testcase classname="tests.test_refactor_verification.TestMenuAPI" name="test_get_admin_menu_items" time="0.200" /><testcase classname="tests.test_refactor_verification.TestLocationAPI" name="test_get_locations" time="0.176" /><testcase classname="tests.test_refactor_verification.TestLocationAPI" name="test_get_specific_location" time="0.101" /><testcase classname="tests.test_refactor_verification.TestHomepageContentAPI" name="test_get_homepage_content" time="0.106" /><testcase classname="tests.test_refactor_verification.TestAdminStatsAPI" name="test_get_admin_stats" time="0.121" /><testcase classname="tests.test_refactor_verification.TestTokenPackagesAPI" name="test_get_token_packages" time="0.104" /><testcase classname="tests.test_refactor_verification.TestSpecialsAPI" name="test_get_specials" time="0.107" /><testcase classname="tests.test_refactor_verification.TestSocialLinksAPI" name="test_get_social_links" time="1.149" /><testcase classname="tests.test_refactor_verification.TestGalleryAPI" name="test_get_gallery" time="0.151" /><testcase classname="tests.test_refactor_verification.TestInstagramFeedAPI" name="test_get_instagram_feed" time="0.116" /><testcase classname="tests.test_refactor_verification.TestPushPublicKeyAPI" name="test_get_push_public_key" time="0.120" /><testcase classname="tests.test_refactor_verification.TestPromoVideosAPI" name="test_get_promo_videos" time="0.110" /><testcase classname="tests.test_refactor_verification.TestStaffListAPI" name="test_get_staff_list" time="0.104" /><testcase classname="tests.test_refactor_verification.TestAdminContactsAPI" name="test_get_admin_contacts" time="0.132" /><testcase classname="tests.test_refactor_verification.TestAdminUsersAPI" name="test_get_admin_users" time="0.126" /><testcase classname="tests.test_refactor_verification.TestLoyaltyMembersAPI" name="test_get_loyalty_members" time="0.122" /><testcase classname="tests.test_refactor_verification.TestAdminNotificationsHistoryAPI" name="test_get_admin_notifications_history" time="0.118" /><testcase classname="tests.test_refactor_verification.TestAdminMenuCategoryStylesAPI" name="test_get_admin_menu_category_styles" time="0.108" /><testcase classname="tests.test_refactor_verification.TestAdminGalleryAPI" name="test_get_admin_gallery" time="0.113" /><testcase classname="tests.test_refactor_verification.TestAdminSocialPostsAPI" name="test_get_admin_social_posts" time="0.411" /><testcase classname="tests.test_refactor_verification.TestDJStatusAPI" name="test_get_dj_at_location" time="0.101" /><testcase classname="tests.test_refactor_verification.TestEventsAPI" name="test_get_events" time="0.124" /><testcase classname="tests.test_refactor_verification.TestMediaServingAPI" name="test_uploads_returns_404_not_crash" time="0.113" /><testcase classname="tests.test_refactor_verification.TestAPIHealth" name="test_api_root" time="0.115" /></testsuite></testsuites>