<?xml version="1.0" encoding="utf-8"?><testsuites name="pytest tests"><testsuite name="pytest" errors="0" failures="0" skipped="0" tests="23" time="7.959" timestamp="2026-03-21T15:43:09.420320+00:00" hostname="agent-env-e5938b2c-054c-4ada-b638-184f267c2f2d"><testcase classname="backend.tests.test_refactor_notifications.TestHealthAndBasicEndpoints" name="test_root_health_check" time="0.171" /><testcase classname="backend.tests.test_refactor_notifications.TestHealthAndBasicEndpoints" name="test_get_settings" time="2.176" /><testcase classname="backend.tests.test_refactor_notifications.TestHealthAndBasicEndpoints" name="test_get_locations" time="0.108" /><testcase classname="backend.tests.test_refactor_notifications.TestHealthAndBasicEndpoints" name="test_get_events" time="0.118" /><testcase classname="backend.tests.test_refactor_notifications.TestDJRouterEndpoints" name="test_dj_login" time="0.124" /><testcase classname="backend.tests.test_refactor_notifications.TestDJRouterEndpoints" name="test_karaoke_status" time="0.153" /><testcase classname="backend.tests.test_refactor_notifications.TestDJRouterEndpoints" name="test_dj_tip_record" time="0.109" /><testcase classname="backend.tests.test_refactor_notifications.TestDJRouterEndpoints" name="test_dj_at_location" time="0.097" /><testcase classname="backend.tests.test_refactor_notifications.TestWallRouterEndpoints" name="test_create_wall_post" time="0.484" /><testcase classname="backend.tests.test_refactor_notifications.TestWallRouterEndpoints" name="test_get_wall_posts" time="0.098" /><testcase classname="backend.tests.test_refactor_notifications.TestWallRouterEndpoints" name="test_send_chat_message" time="0.112" /><testcase classname="backend.tests.test_refactor_notifications.TestNotificationSystem" name="test_like_triggers_notification" time="0.492" /><testcase classname="backend.tests.test_refactor_notifications.TestNotificationSystem" name="test_comment_triggers_notification" time="0.427" /><testcase classname="backend.tests.test_refactor_notifications.TestNotificationSystem" name="test_dm_triggers_notification" time="0.255" /><testcase classname="backend.tests.test_refactor_notifications.TestNotificationSystem" name="test_get_notifications" time="0.104" /><testcase classname="backend.tests.test_refactor_notifications.TestNotificationSystem" name="test_get_unread_count" time="0.139" /><testcase classname="backend.tests.test_refactor_notifications.TestNotificationSystem" name="test_mark_all_read" time="0.268" /><testcase classname="backend.tests.test_refactor_notifications.TestCareersRouterEndpoints" name="test_careers_apply" time="1.846" /><testcase classname="backend.tests.test_refactor_notifications.TestRegressionEndpoints" name="test_menu_items" time="0.153" /><testcase classname="backend.tests.test_refactor_notifications.TestRegressionEndpoints" name="test_homepage_content" time="0.107" /><testcase classname="backend.tests.test_refactor_notifications.TestRegressionEndpoints" name="test_daily_specials" time="0.105" /><testcase classname="backend.tests.test_refactor_notifications.TestRegressionEndpoints" name="test_dj_profiles" time="0.110" /><testcase classname="backend.tests.test_refactor_notifications.TestRegressionEndpoints" name="test_dj_weekly_schedule" time="0.112" /></testsuite></testsuites>