<?xml version="1.0" encoding="utf-8"?><testsuites name="pytest tests"><testsuite name="pytest" errors="0" failures="0" skipped="0" tests="30" time="11.188" timestamp="2026-03-22T03:35:48.192707+00:00" hostname="agent-env-ae1dc515-4df7-4da2-8ddd-875aaef45379"><testcase classname="tests.test_refactored_routers.TestHealthAndBasics" name="test_api_health" time="0.145" /><testcase classname="tests.test_refactored_routers.TestAuthRouter" name="test_admin_login_success" time="0.353" /><testcase classname="tests.test_refactored_routers.TestAuthRouter" name="test_admin_login_invalid_credentials" time="0.595" /><testcase classname="tests.test_refactored_routers.TestAuthRouter" name="test_get_current_admin" time="0.460" /><testcase classname="tests.test_refactored_routers.TestAuthRouter" name="test_quick_user_registration" time="0.111" /><testcase classname="tests.test_refactored_routers.TestAuthRouter" name="test_full_user_registration" time="0.370" /><testcase classname="tests.test_refactored_routers.TestAuthRouter" name="test_user_login_with_password" time="0.699" /><testcase classname="tests.test_refactored_routers.TestAuthRouter" name="test_forgot_password" time="0.112" /><testcase classname="tests.test_refactored_routers.TestAuthRouter" name="test_verify_reset_token_invalid" time="0.100" /><testcase classname="tests.test_refactored_routers.TestEventsRouter" name="test_get_public_events" time="0.123" /><testcase classname="tests.test_refactored_routers.TestEventsRouter" name="test_get_event_packages" time="0.102" /><testcase classname="tests.test_refactored_routers.TestEventsRouter" name="test_admin_get_events" time="0.509" /><testcase classname="tests.test_refactored_routers.TestEventsRouter" name="test_admin_create_event" time="0.459" /><testcase classname="tests.test_refactored_routers.TestEventsRouter" name="test_admin_update_event" time="1.106" /><testcase classname="tests.test_refactored_routers.TestEventsRouter" name="test_admin_delete_event" time="0.638" /><testcase classname="tests.test_refactored_routers.TestPaymentsRouter" name="test_get_payment_methods" time="0.173" /><testcase classname="tests.test_refactored_routers.TestPaymentsRouter" name="test_checkout_status_not_found" time="0.102" /><testcase classname="tests.test_refactored_routers.TestExistingEndpoints" name="test_get_locations" time="0.403" /><testcase classname="tests.test_refactored_routers.TestExistingEndpoints" name="test_get_token_packages" time="0.134" /><testcase classname="tests.test_refactored_routers.TestExistingEndpoints" name="test_get_menu_items" time="0.272" /><testcase classname="tests.test_refactored_routers.TestExistingEndpoints" name="test_get_homepage_content" time="0.241" /><testcase classname="tests.test_refactored_routers.TestExistingEndpoints" name="test_get_specials" time="0.245" /><testcase classname="tests.test_refactored_routers.TestExistingEndpoints" name="test_get_gallery" time="0.105" /><testcase classname="tests.test_refactored_routers.TestExistingEndpoints" name="test_get_social_links" time="0.274" /><testcase classname="tests.test_refactored_routers.TestWallRouter" name="test_get_wall_posts" time="0.122" /><testcase classname="tests.test_refactored_routers.TestDJRouter" name="test_get_dj_at_location" time="0.215" /><testcase classname="tests.test_refactored_routers.TestDJRouter" name="test_get_karaoke_status" time="0.105" /><testcase classname="tests.test_refactored_routers.TestAdminEndpoints" name="test_admin_stats" time="0.744" /><testcase classname="tests.test_refactored_routers.TestAdminEndpoints" name="test_admin_get_menu_items" time="1.123" /><testcase classname="tests.test_refactored_routers.TestAdminEndpoints" name="test_admin_get_specials" time="0.956" /></testsuite></testsuites>