<?xml version="1.0" encoding="utf-8"?><testsuites name="pytest tests"><testsuite name="pytest" errors="0" failures="0" skipped="0" tests="17" time="8.243" timestamp="2026-02-18T15:31:55.143583+00:00" hostname="agent-env-b48ac861-200b-4c17-b2ac-6d6d814814c9"><testcase classname="backend.tests.test_role_based_system.TestRoleBasedSystem" name="test_user_profile_has_role_fields" time="0.158" /><testcase classname="backend.tests.test_role_based_system.TestRoleBasedSystem" name="test_new_user_defaults_to_customer" time="0.167" /><testcase classname="backend.tests.test_role_based_system.TestRoleBasedSystem" name="test_admin_can_change_user_role" time="1.504" /><testcase classname="backend.tests.test_role_based_system.TestRoleBasedSystem" name="test_admin_role_change_requires_auth" time="0.144" /><testcase classname="backend.tests.test_role_based_system.TestRoleBasedSystem" name="test_admin_invalid_role_rejected" time="0.482" /><testcase classname="backend.tests.test_role_based_system.TestRoleBasedSystem" name="test_get_staff_list_for_tipping" time="0.134" /><testcase classname="backend.tests.test_role_based_system.TestRoleBasedSystem" name="test_customer_tip_staff_updates_cashout_balance" time="0.648" /><testcase classname="backend.tests.test_role_based_system.TestRoleBasedSystem" name="test_non_tip_transfer_goes_to_token_balance" time="0.770" /><testcase classname="backend.tests.test_role_based_system.TestRoleBasedSystem" name="test_staff_cashout_requires_minimum_20" time="0.205" /><testcase classname="backend.tests.test_role_based_system.TestRoleBasedSystem" name="test_staff_cashout_80_percent_rate" time="1.488" /><testcase classname="backend.tests.test_role_based_system.TestRoleBasedSystem" name="test_only_staff_can_cashout" time="0.288" /><testcase classname="backend.tests.test_role_based_system.TestRoleBasedSystem" name="test_staff_transfer_tips_to_personal" time="0.452" /><testcase classname="backend.tests.test_role_based_system.TestRoleBasedSystem" name="test_staff_transfer_cannot_exceed_balance" time="0.151" /><testcase classname="backend.tests.test_role_based_system.TestRoleBasedSystem" name="test_admin_can_view_cashout_requests" time="0.544" /><testcase classname="backend.tests.test_role_based_system.TestRoleBasedSystem" name="test_admin_can_process_cashout" time="0.701" /><testcase classname="backend.tests.test_role_based_system.TestRoleBasedSystem" name="test_get_transfer_history" time="0.224" /><testcase classname="backend.tests.test_role_based_system.TestRoleBasedSystem" name="test_get_cashout_history" time="0.128" /></testsuite></testsuites>