<?xml version="1.0" encoding="utf-8"?><testsuites name="pytest tests"><testsuite name="pytest" errors="0" failures="0" skipped="0" tests="29" time="15.479" timestamp="2026-02-18T02:59:54.875881+00:00" hostname="agent-env-18c4c5d8-4fdf-479f-80d5-c015e0c70afa"><testcase classname="backend.tests.test_social_checkin.TestHealthCheck" name="test_api_is_running" time="0.260" /><testcase classname="backend.tests.test_social_checkin.TestCheckIn" name="test_create_checkin" time="0.142" /><testcase classname="backend.tests.test_social_checkin.TestCheckIn" name="test_get_checked_in_users" time="0.102" /><testcase classname="backend.tests.test_social_checkin.TestCheckIn" name="test_get_checkin_count" time="0.130" /><testcase classname="backend.tests.test_social_checkin.TestCheckIn" name="test_checkout" time="0.234" /><testcase classname="backend.tests.test_social_checkin.TestCheckIn" name="test_checkout_nonexistent" time="0.114" /><testcase classname="backend.tests.test_social_checkin.TestSocialPosts" name="test_create_social_post" time="0.377" /><testcase classname="backend.tests.test_social_checkin.TestSocialPosts" name="test_create_post_with_image" time="0.335" /><testcase classname="backend.tests.test_social_checkin.TestSocialPosts" name="test_get_social_posts" time="0.427" /><testcase classname="backend.tests.test_social_checkin.TestSocialPosts" name="test_get_social_posts_with_checkin_id" time="0.412" /><testcase classname="backend.tests.test_social_checkin.TestSocialPosts" name="test_like_post" time="0.455" /><testcase classname="backend.tests.test_social_checkin.TestSocialPosts" name="test_unlike_post" time="0.712" /><testcase classname="backend.tests.test_social_checkin.TestSocialPosts" name="test_delete_own_post" time="0.488" /><testcase classname="backend.tests.test_social_checkin.TestSocialPosts" name="test_cannot_delete_others_post" time="0.544" /><testcase classname="backend.tests.test_social_checkin.TestSocialPosts" name="test_create_post_without_checkin" time="0.543" /><testcase classname="backend.tests.test_social_checkin.TestDirectMessages" name="test_send_direct_message" time="0.898" /><testcase classname="backend.tests.test_social_checkin.TestDirectMessages" name="test_get_conversations" time="1.050" /><testcase classname="backend.tests.test_social_checkin.TestDirectMessages" name="test_get_dm_thread" time="1.221" /><testcase classname="backend.tests.test_social_checkin.TestDirectMessages" name="test_get_unread_count" time="1.069" /><testcase classname="backend.tests.test_social_checkin.TestDirectMessages" name="test_dm_marks_as_read_on_thread_fetch" time="1.167" /><testcase classname="backend.tests.test_social_checkin.TestDJTipping" name="test_send_dj_tip" time="0.377" /><testcase classname="backend.tests.test_social_checkin.TestDJTipping" name="test_send_tip_various_amounts" time="1.033" /><testcase classname="backend.tests.test_social_checkin.TestDJTipping" name="test_send_tip_with_only_message" time="0.509" /><testcase classname="backend.tests.test_social_checkin.TestDJTipping" name="test_send_tip_with_only_song_request" time="0.579" /><testcase classname="backend.tests.test_social_checkin.TestDJTipping" name="test_send_tip_minimum_amount" time="0.397" /><testcase classname="backend.tests.test_social_checkin.TestDJTipping" name="test_send_tip_requires_checkin" time="0.585" /><testcase classname="backend.tests.test_social_checkin.TestDJTipping" name="test_get_dj_tips" time="0.521" /><testcase classname="backend.tests.test_social_checkin.TestDJTipping" name="test_get_dj_tips_total" time="0.419" /><testcase classname="backend.tests.test_social_checkin.TestCleanup" name="test_cleanup_test_checkins" time="0.277" /></testsuite></testsuites>