<?xml version="1.0" encoding="utf-8"?><testsuites name="pytest tests"><testsuite name="pytest" errors="0" failures="0" skipped="0" tests="30" time="4.242" timestamp="2026-03-21T12:14:43.703604+00:00" hostname="agent-env-e5938b2c-054c-4ada-b638-184f267c2f2d"><testcase classname="backend.tests.test_social_wall.TestWallPosts" name="test_create_wall_post_text" time="0.256" /><testcase classname="backend.tests.test_social_wall.TestWallPosts" name="test_create_wall_post_song_request" time="0.147" /><testcase classname="backend.tests.test_social_wall.TestWallPosts" name="test_create_wall_post_shoutout" time="0.125" /><testcase classname="backend.tests.test_social_wall.TestWallPosts" name="test_create_wall_post_missing_user_id" time="0.130" /><testcase classname="backend.tests.test_social_wall.TestWallPosts" name="test_create_wall_post_missing_location" time="0.102" /><testcase classname="backend.tests.test_social_wall.TestWallPosts" name="test_get_wall_posts" time="0.107" /><testcase classname="backend.tests.test_social_wall.TestWallPosts" name="test_get_wall_posts_with_pagination" time="0.101" /><testcase classname="backend.tests.test_social_wall.TestWallPosts" name="test_like_wall_post" time="0.098" /><testcase classname="backend.tests.test_social_wall.TestWallPosts" name="test_unlike_wall_post" time="0.111" /><testcase classname="backend.tests.test_social_wall.TestWallPosts" name="test_like_post_missing_user_id" time="0.101" /><testcase classname="backend.tests.test_social_wall.TestWallPosts" name="test_like_nonexistent_post" time="0.111" /><testcase classname="backend.tests.test_social_wall.TestWallPosts" name="test_comment_on_post" time="0.105" /><testcase classname="backend.tests.test_social_wall.TestWallPosts" name="test_comment_missing_content" time="0.108" /><testcase classname="backend.tests.test_social_wall.TestWallPosts" name="test_delete_post_unauthorized" time="0.098" /><testcase classname="backend.tests.test_social_wall.TestWallPosts" name="test_delete_post_success" time="0.320" /><testcase classname="backend.tests.test_social_wall.TestGroupChat" name="test_send_chat_message" time="0.101" /><testcase classname="backend.tests.test_social_wall.TestGroupChat" name="test_send_chat_message_missing_user_id" time="0.109" /><testcase classname="backend.tests.test_social_wall.TestGroupChat" name="test_send_chat_message_missing_content" time="0.096" /><testcase classname="backend.tests.test_social_wall.TestGroupChat" name="test_get_chat_messages" time="0.104" /><testcase classname="backend.tests.test_social_wall.TestGroupChat" name="test_get_chat_messages_with_limit" time="0.099" /><testcase classname="backend.tests.test_social_wall.TestDirectMessages" name="test_send_dm" time="0.113" /><testcase classname="backend.tests.test_social_wall.TestDirectMessages" name="test_send_dm_missing_fields" time="0.106" /><testcase classname="backend.tests.test_social_wall.TestDirectMessages" name="test_get_dm_conversations" time="0.113" /><testcase classname="backend.tests.test_social_wall.TestDirectMessages" name="test_get_dm_thread" time="0.115" /><testcase classname="backend.tests.test_social_wall.TestDirectMessages" name="test_get_dm_unread_count" time="0.206" /><testcase classname="backend.tests.test_social_wall.TestDirectMessages" name="test_dm_thread_marks_as_read" time="0.206" /><testcase classname="backend.tests.test_social_wall.TestWallUsers" name="test_get_wall_users" time="0.109" /><testcase classname="backend.tests.test_social_wall.TestImageUpload" name="test_upload_image_no_file" time="0.101" /><testcase classname="backend.tests.test_social_wall.TestImageUpload" name="test_upload_image_success" time="0.106" /><testcase classname="backend.tests.test_social_wall.TestCleanup" name="test_cleanup_test_posts" time="0.449" /></testsuite></testsuites>