<?xml version="1.0" encoding="utf-8"?><testsuites name="pytest tests"><testsuite name="pytest" errors="0" failures="2" skipped="0" tests="11" time="4.233" timestamp="2026-02-18T20:57:19.387120+00:00" hostname="agent-env-b187f2ff-d0c5-44b0-95b6-9e807f57053b"><testcase classname="backend.tests.test_stripe_tokens.TestTokenPackages" name="test_get_packages_returns_5_packages" time="0.165" /><testcase classname="backend.tests.test_stripe_tokens.TestTokenPackages" name="test_packages_have_correct_structure" time="0.137" /><testcase classname="backend.tests.test_stripe_tokens.TestStripeCheckout" name="test_create_checkout_session_success" time="0.723" /><testcase classname="backend.tests.test_stripe_tokens.TestStripeCheckout" name="test_checkout_invalid_package_fails" time="0.110" /><testcase classname="backend.tests.test_stripe_tokens.TestStripeCheckout" name="test_checkout_invalid_user_fails" time="0.126" /><testcase classname="backend.tests.test_stripe_tokens.TestAdminUsersEndpoint" name="test_get_users_returns_list" time="0.531"><failure message="KeyError: 'role'">backend/tests/test_stripe_tokens.py:149: in test_get_users_returns_list
    assert user["role"] in valid_roles, f"Invalid role: {user['role']}"
           ^^^^^^^^^^^^
E   KeyError: 'role'</failure></testcase><testcase classname="backend.tests.test_stripe_tokens.TestAdminUsersEndpoint" name="test_users_include_staff" time="0.578"><failure message="KeyError: 'role'">backend/tests/test_stripe_tokens.py:161: in test_users_include_staff
    staff_users = [u for u in users if u["role"] == "staff"]
                  ^^^^^^^^^^^^^^^^^^^^^^^^^^^^^^^^^^^^^^^^^^
backend/tests/test_stripe_tokens.py:161: in &lt;listcomp&gt;
    staff_users = [u for u in users if u["role"] == "staff"]
                                       ^^^^^^^^^
E   KeyError: 'role'</failure></testcase><testcase classname="backend.tests.test_stripe_tokens.TestAdminUsersEndpoint" name="test_users_endpoint_requires_auth" time="0.165" /><testcase classname="backend.tests.test_stripe_tokens.TestAdminCashoutsEndpoint" name="test_get_cashouts_returns_list" time="0.616" /><testcase classname="backend.tests.test_stripe_tokens.TestAdminCashoutsEndpoint" name="test_cashouts_endpoint_requires_auth" time="0.159" /><testcase classname="backend.tests.test_stripe_tokens.TestAdminTokenGifting" name="test_admin_can_gift_tokens" time="0.827" /></testsuite></testsuites>