<?xml version="1.0" encoding="utf-8"?><testsuites name="pytest tests"><testsuite name="pytest" errors="0" failures="0" skipped="0" tests="11" time="4.155" timestamp="2026-02-18T20:57:37.595440+00:00" hostname="agent-env-b187f2ff-d0c5-44b0-95b6-9e807f57053b"><testcase classname="backend.tests.test_stripe_tokens.TestTokenPackages" name="test_get_packages_returns_5_packages" time="0.150" /><testcase classname="backend.tests.test_stripe_tokens.TestTokenPackages" name="test_packages_have_correct_structure" time="0.161" /><testcase classname="backend.tests.test_stripe_tokens.TestStripeCheckout" name="test_create_checkout_session_success" time="0.765" /><testcase classname="backend.tests.test_stripe_tokens.TestStripeCheckout" name="test_checkout_invalid_package_fails" time="0.133" /><testcase classname="backend.tests.test_stripe_tokens.TestStripeCheckout" name="test_checkout_invalid_user_fails" time="0.186" /><testcase classname="backend.tests.test_stripe_tokens.TestAdminUsersEndpoint" name="test_get_users_returns_list" time="0.566" /><testcase classname="backend.tests.test_stripe_tokens.TestAdminUsersEndpoint" name="test_users_include_staff" time="0.639" /><testcase classname="backend.tests.test_stripe_tokens.TestAdminUsersEndpoint" name="test_users_endpoint_requires_auth" time="0.158" /><testcase classname="backend.tests.test_stripe_tokens.TestAdminCashoutsEndpoint" name="test_get_cashouts_returns_list" time="0.500" /><testcase classname="backend.tests.test_stripe_tokens.TestAdminCashoutsEndpoint" name="test_cashouts_endpoint_requires_auth" time="0.154" /><testcase classname="backend.tests.test_stripe_tokens.TestAdminTokenGifting" name="test_admin_can_gift_tokens" time="0.679" /></testsuite></testsuites>