<?xml version="1.0" encoding="utf-8"?><testsuites name="pytest tests"><testsuite name="pytest" errors="0" failures="0" skipped="0" tests="16" time="2.720" timestamp="2026-03-27T03:52:29.825610+00:00" hostname="agent-env-ae1dc515-4df7-4da2-8ddd-875aaef45379"><testcase classname="tests.test_timezone_karaoke.TestTimezoneSupport" name="test_edgewood_atlanta_returns_eastern_timezone" time="0.168" /><testcase classname="tests.test_timezone_karaoke.TestTimezoneSupport" name="test_las_vegas_returns_pacific_timezone" time="0.115" /><testcase classname="tests.test_timezone_karaoke.TestTimezoneSupport" name="test_douglasville_returns_eastern_timezone" time="0.113" /><testcase classname="tests.test_timezone_karaoke.TestKaraokeAutoActivation" name="test_las_vegas_karaoke_active_on_thursday_evening" time="0.150" /><testcase classname="tests.test_timezone_karaoke.TestKaraokeAutoActivation" name="test_riverdale_karaoke_active_on_thursday_evening" time="0.115" /><testcase classname="tests.test_timezone_karaoke.TestKaraokeAutoActivation" name="test_douglasville_karaoke_inactive_on_non_karaoke_day" time="0.110" /><testcase classname="tests.test_timezone_karaoke.TestKaraokeAutoActivation" name="test_edgewood_karaoke_deactivated_after_schedule_window" time="0.138" /><testcase classname="tests.test_timezone_karaoke.TestCheckInEndpoints" name="test_checkin_returns_expires_at" time="0.394" /><testcase classname="tests.test_timezone_karaoke.TestCheckInEndpoints" name="test_get_checkins_for_location" time="0.107" /><testcase classname="tests.test_timezone_karaoke.TestCheckInEndpoints" name="test_manual_checkout" time="0.325" /><testcase classname="tests.test_timezone_karaoke.TestDJSchedulesEndpoint" name="test_get_all_dj_schedules" time="0.111" /><testcase classname="tests.test_timezone_karaoke.TestLocationsEndpoint" name="test_get_all_locations" time="0.109" /><testcase classname="tests.test_timezone_karaoke.TestMenuEndpoints" name="test_get_menu_items_for_las_vegas" time="0.140" /><testcase classname="tests.test_timezone_karaoke.TestMenuEndpoints" name="test_get_menu_items_for_edgewood" time="0.108" /><testcase classname="tests.test_timezone_karaoke.TestUserRegistration" name="test_register_new_user" time="0.343" /><testcase classname="tests.test_timezone_karaoke.TestKaraokeStatusEndpoint" name="test_karaoke_status_las_vegas" time="0.108" /></testsuite></testsuites>