<?xml version="1.0" encoding="utf-8"?><testsuites name="pytest tests"><testsuite name="pytest" errors="0" failures="0" skipped="0" tests="15" time="6.462" timestamp="2026-02-18T12:26:11.100537+00:00" hostname="agent-env-b48ac861-200b-4c17-b2ac-6d6d814814c9"><testcase classname="backend.tests.test_user_profile_tokens.TestUserProfile" name="test_create_user_profile" time="0.672" /><testcase classname="backend.tests.test_user_profile_tokens.TestUserProfile" name="test_get_user_profile_by_id" time="0.536" /><testcase classname="backend.tests.test_user_profile_tokens.TestUserProfile" name="test_get_user_profile_by_email" time="0.549" /><testcase classname="backend.tests.test_user_profile_tokens.TestUserProfile" name="test_update_user_profile" time="0.656" /><testcase classname="backend.tests.test_user_profile_tokens.TestUserProfile" name="test_user_profile_not_found" time="0.462" /><testcase classname="backend.tests.test_user_profile_tokens.TestTokenPurchase" name="test_purchase_tokens" time="0.315" /><testcase classname="backend.tests.test_user_profile_tokens.TestTokenPurchase" name="test_purchase_minimum_amount" time="0.198" /><testcase classname="backend.tests.test_user_profile_tokens.TestTokenPurchase" name="test_token_history" time="0.405" /><testcase classname="backend.tests.test_user_profile_tokens.TestAdminTokenGifting" name="test_admin_gift_tokens" time="0.647" /><testcase classname="backend.tests.test_user_profile_tokens.TestAdminTokenGifting" name="test_admin_gift_requires_auth" time="0.436" /><testcase classname="backend.tests.test_user_profile_tokens.TestAdminTokenGifting" name="test_admin_get_all_users" time="0.489" /><testcase classname="backend.tests.test_user_profile_tokens.TestGallerySubmission" name="test_submit_photo_to_gallery" time="0.235" /><testcase classname="backend.tests.test_user_profile_tokens.TestGallerySubmission" name="test_get_user_submissions" time="0.358" /><testcase classname="backend.tests.test_user_profile_tokens.TestUserHistory" name="test_get_user_visits" time="0.218" /><testcase classname="backend.tests.test_user_profile_tokens.TestUserHistory" name="test_get_user_posts" time="0.209" /></testsuite></testsuites>