<?xml version="1.0" encoding="utf-8"?><testsuites name="pytest tests"><testsuite name="pytest" errors="0" failures="0" skipped="0" tests="9" time="1.935" timestamp="2026-07-25T21:44:16.687201+00:00" hostname="agent-env-ae1dc515-4df7-4da2-8ddd-875aaef45379"><testcase classname="backend.tests.test_wall_unified.TestWallPosts" name="test_all_returns_multi_location" time="0.812" /><testcase classname="backend.tests.test_wall_unified.TestWallPosts" name="test_specific_slug_regression" time="0.093" /><testcase classname="backend.tests.test_wall_unified.TestWallChat" name="test_all_returns_multi_location" time="0.138" /><testcase classname="backend.tests.test_wall_unified.TestWallChat" name="test_specific_slug_regression" time="0.144" /><testcase classname="backend.tests.test_wall_unified.TestWallUsers" name="test_all_returns_multi_location_users" time="0.110" /><testcase classname="backend.tests.test_wall_unified.TestWallUsers" name="test_specific_slug_regression" time="0.101" /><testcase classname="backend.tests.test_wall_unified.TestDM" name="test_dm_persists_location_fields" time="0.106" /><testcase classname="backend.tests.test_wall_unified.TestDM" name="test_conversations_projects_partner_location_slug" time="0.265" /><testcase classname="backend.tests.test_wall_unified.TestDM" name="test_dm_backward_compat_optional_location" time="0.104" /></testsuite></testsuites>