<?xml version="1.0" encoding="utf-8"?><testsuites name="pytest tests"><testsuite name="pytest" errors="0" failures="0" skipped="0" tests="5" time="1.080" timestamp="2026-07-26T15:55:07.457006+00:00" hostname="agent-env-ae1dc515-4df7-4da2-8ddd-875aaef45379"><testcase classname="tests.test_wall_broadcast" name="test_broadcast_forbidden_for_guest" time="0.207" /><testcase classname="tests.test_wall_broadcast" name="test_broadcast_dj_fanout" time="0.475" /><testcase classname="tests.test_wall_broadcast" name="test_broadcast_userprofile_dj_fallback" time="0.050" /><testcase classname="tests.test_wall_broadcast" name="test_single_location_post_regression" time="0.093" /><testcase classname="tests.test_wall_broadcast" name="test_broadcast_photo_creates_gallery_items" time="0.060" /></testsuite></testsuites>