<?xml version="1.0" encoding="utf-8"?><testsuites name="pytest tests"><testsuite name="pytest" errors="0" failures="0" skipped="0" tests="13" time="6.349" timestamp="2026-02-26T16:10:59.772688+00:00" hostname="agent-env-fc86daf9-c36d-4b50-bbcf-d5da4f16de73"><testcase classname="backend.tests.test_admin_login_locations.TestAdminLogin" name="test_admin_login_with_username_and_password" time="0.503" /><testcase classname="backend.tests.test_admin_login_locations.TestAdminLogin" name="test_admin_login_wrong_password_returns_401" time="0.614" /><testcase classname="backend.tests.test_admin_login_locations.TestAdminLogin" name="test_admin_login_wrong_username_returns_401" time="0.355" /><testcase classname="backend.tests.test_admin_login_locations.TestAdminLogin" name="test_admin_me_endpoint_with_valid_token" time="0.578" /><testcase classname="backend.tests.test_admin_login_locations.TestAdminLogin" name="test_admin_me_endpoint_without_token_returns_401" time="0.455" /><testcase classname="backend.tests.test_admin_login_locations.TestLocationUpdate" name="test_get_admin_locations_requires_auth" time="0.229" /><testcase classname="backend.tests.test_admin_login_locations.TestLocationUpdate" name="test_get_admin_locations_returns_list" time="0.513" /><testcase classname="backend.tests.test_admin_login_locations.TestLocationUpdate" name="test_update_location_phone_number" time="1.038" /><testcase classname="backend.tests.test_admin_login_locations.TestLocationUpdate" name="test_update_location_name" time="0.980" /><testcase classname="backend.tests.test_admin_login_locations.TestLocationUpdate" name="test_update_nonexistent_location_returns_404" time="0.614" /><testcase classname="backend.tests.test_admin_login_locations.TestLocationUpdate" name="test_update_location_without_auth_returns_401" time="0.118" /><testcase classname="backend.tests.test_admin_login_locations.TestPublicLocationsPage" name="test_get_public_locations" time="0.149" /><testcase classname="backend.tests.test_admin_login_locations.TestPublicLocationsPage" name="test_get_location_by_slug" time="0.132" /></testsuite></testsuites>