<?xml version="1.0" encoding="utf-8"?><testsuites name="pytest tests"><testsuite name="pytest" errors="0" failures="0" skipped="0" tests="15" time="4.461" timestamp="2026-02-24T11:25:49.731122+00:00" hostname="agent-env-deab777a-1351-4651-8386-012d6adc3c6d"><testcase classname="backend.tests.test_user_auth.TestEmailPasswordRegistration" name="test_register_success" time="0.420" /><testcase classname="backend.tests.test_user_auth.TestEmailPasswordRegistration" name="test_register_missing_email" time="0.118" /><testcase classname="backend.tests.test_user_auth.TestEmailPasswordRegistration" name="test_register_missing_password" time="0.106" /><testcase classname="backend.tests.test_user_auth.TestEmailPasswordRegistration" name="test_register_short_password" time="0.102" /><testcase classname="backend.tests.test_user_auth.TestEmailPasswordRegistration" name="test_register_duplicate_email" time="0.452" /><testcase classname="backend.tests.test_user_auth.TestEmailPasswordLogin" name="test_login_success" time="0.725" /><testcase classname="backend.tests.test_user_auth.TestEmailPasswordLogin" name="test_login_wrong_password" time="0.704" /><testcase classname="backend.tests.test_user_auth.TestEmailPasswordLogin" name="test_login_nonexistent_email" time="0.107" /><testcase classname="backend.tests.test_user_auth.TestEmailPasswordLogin" name="test_login_missing_email" time="0.104" /><testcase classname="backend.tests.test_user_auth.TestEmailPasswordLogin" name="test_login_missing_password" time="0.129" /><testcase classname="backend.tests.test_user_auth.TestSessionHandling" name="test_get_user_without_session" time="0.104" /><testcase classname="backend.tests.test_user_auth.TestSessionHandling" name="test_get_user_with_invalid_session" time="0.106" /><testcase classname="backend.tests.test_user_auth.TestLogout" name="test_logout_success" time="0.416" /><testcase classname="backend.tests.test_user_auth.TestLogout" name="test_logout_without_session" time="0.107" /><testcase classname="backend.tests.test_user_auth.TestEmailCaseInsensitivity" name="test_login_with_different_case_email" time="0.692" /></testsuite></testsuites>