<?xml version="1.0" encoding="utf-8"?><testsuites name="pytest tests"><testsuite name="pytest" errors="0" failures="0" skipped="0" tests="11" time="3.954" timestamp="2026-03-11T23:27:47.301453+00:00" hostname="agent-env-9c89649e-a2fb-44ea-81b2-29591a9c285c"><testcase classname="backend.tests.test_menu_image_fix.TestPublicMenuImages" name="test_get_public_menu_items" time="0.256" /><testcase classname="backend.tests.test_menu_image_fix.TestPublicMenuImages" name="test_catfish_nuggets_has_relative_image_path" time="0.120" /><testcase classname="backend.tests.test_menu_image_fix.TestPublicMenuImages" name="test_chicken_tenders_has_relative_image_path" time="0.116" /><testcase classname="backend.tests.test_menu_image_fix.TestPublicMenuImages" name="test_all_starters_have_images" time="0.205" /><testcase classname="backend.tests.test_menu_image_fix.TestImageEndpoints" name="test_api_media_endpoint_catfish" time="0.315" /><testcase classname="backend.tests.test_menu_image_fix.TestImageEndpoints" name="test_api_media_endpoint_chicken_tenders" time="0.366" /><testcase classname="backend.tests.test_menu_image_fix.TestAdminMenuEdits" name="test_admin_login" time="0.381" /><testcase classname="backend.tests.test_menu_image_fix.TestAdminMenuEdits" name="test_admin_get_menu_items" time="0.473" /><testcase classname="backend.tests.test_menu_image_fix.TestAdminMenuEdits" name="test_admin_update_menu_item_image" time="0.856" /><testcase classname="backend.tests.test_menu_image_fix.TestAdminMenuEdits" name="test_update_uses_image_field_not_image_url" time="0.678" /><testcase classname="backend.tests.test_menu_image_fix.TestNoOldDeploymentUrls" name="test_no_old_deployment_urls_in_images" time="0.123" /></testsuite></testsuites>