<?xml version="1.0" encoding="utf-8"?><testsuites name="pytest tests"><testsuite name="pytest" errors="0" failures="0" skipped="0" tests="12" time="13.923" timestamp="2026-02-18T21:19:18.729613+00:00" hostname="agent-env-b187f2ff-d0c5-44b0-95b6-9e807f57053b"><testcase classname="backend.tests.test_new_features.TestMerchandiseEndpoints" name="test_get_merchandise_success" time="4.673" /><testcase classname="backend.tests.test_new_features.TestMerchandiseEndpoints" name="test_merchandise_product_structure" time="4.382" /><testcase classname="backend.tests.test_new_features.TestPromoVideosPublic" name="test_get_all_promo_videos" time="0.171" /><testcase classname="backend.tests.test_new_features.TestPromoVideosPublic" name="test_get_promo_videos_by_day" time="0.415" /><testcase classname="backend.tests.test_new_features.TestPromoVideosPublic" name="test_promo_video_structure" time="0.139" /><testcase classname="backend.tests.test_new_features.TestAdminPromoVideos" name="test_admin_get_all_promo_videos" time="0.536" /><testcase classname="backend.tests.test_new_features.TestAdminPromoVideos" name="test_admin_seed_promo_videos" time="0.736" /><testcase classname="backend.tests.test_new_features.TestAdminPromoVideos" name="test_admin_create_promo_video" time="0.510" /><testcase classname="backend.tests.test_new_features.TestAdminPromoVideos" name="test_admin_promo_videos_requires_auth" time="0.571" /><testcase classname="backend.tests.test_new_features.TestAdminVideosIntegration" name="test_video_crud_flow" time="1.180" /><testcase classname="backend.tests.test_new_features.TestHealthAndAPIAccess" name="test_api_root" time="0.148" /><testcase classname="backend.tests.test_new_features.TestHealthAndAPIAccess" name="test_admin_login" time="0.398" /></testsuite></testsuites>