<?xml version="1.0" encoding="utf-8"?><testsuites name="pytest tests"><testsuite name="pytest" errors="0" failures="0" skipped="0" tests="12" time="9.416" timestamp="2026-02-17T22:35:46.743285+00:00" hostname="agent-env-18c4c5d8-4fdf-479f-80d5-c015e0c70afa"><testcase classname="tests.test_specials.TestSpecialsAPI" name="test_get_public_specials" time="0.498" /><testcase classname="tests.test_specials.TestSpecialsAPI" name="test_get_admin_specials_requires_auth" time="0.800" /><testcase classname="tests.test_specials.TestSpecialsAPI" name="test_get_admin_specials_with_auth" time="0.549" /><testcase classname="tests.test_specials.TestSpecialsAPI" name="test_create_special_with_location" time="0.738" /><testcase classname="tests.test_specials.TestSpecialsAPI" name="test_create_special_global" time="0.657" /><testcase classname="tests.test_specials.TestSpecialsAPI" name="test_update_special" time="0.939" /><testcase classname="tests.test_specials.TestSpecialsAPI" name="test_toggle_special_active_status" time="0.835" /><testcase classname="tests.test_specials.TestSpecialsAPI" name="test_delete_special" time="0.835" /><testcase classname="tests.test_specials.TestSpecialsAPI" name="test_delete_nonexistent_special" time="0.469" /><testcase classname="tests.test_specials.TestSpecialsAPI" name="test_public_specials_only_shows_active" time="1.081" /><testcase classname="tests.test_specials.TestSpecialsAPI" name="test_resend_notification" time="0.697" /><testcase classname="tests.test_specials.TestSpecialsLocationFiltering" name="test_specials_with_different_locations" time="1.252" /></testsuite></testsuites>