<?xml version="1.0" encoding="utf-8"?><testsuites name="pytest tests"><testsuite name="pytest" errors="0" failures="0" skipped="0" tests="16" time="16.632" timestamp="2026-02-19T00:17:25.935652+00:00" hostname="agent-env-2febefa4-37ef-48ce-afe1-c66d86c28279"><testcase classname="backend.tests.test_woocommerce_integration.TestTokenPackagesAPI" name="test_get_token_packages_returns_correct_structure" time="0.266" /><testcase classname="backend.tests.test_woocommerce_integration.TestTokenPackagesAPI" name="test_token_packages_correct_values" time="0.145" /><testcase classname="backend.tests.test_woocommerce_integration.TestMerchandiseAPI" name="test_get_merchandise_returns_products" time="3.306" /><testcase classname="backend.tests.test_woocommerce_integration.TestMerchandiseAPI" name="test_merchandise_product_structure" time="3.515" /><testcase classname="backend.tests.test_woocommerce_integration.TestCartFunctionality" name="test_cart_checkout_empty_cart_error" time="0.131" /><testcase classname="backend.tests.test_woocommerce_integration.TestCartFunctionality" name="test_cart_checkout_valid_request_structure" time="5.597" /><testcase classname="backend.tests.test_woocommerce_integration.TestTokenCheckout" name="test_token_checkout_invalid_package" time="0.312" /><testcase classname="backend.tests.test_woocommerce_integration.TestTokenCheckout" name="test_token_checkout_invalid_user" time="0.111" /><testcase classname="backend.tests.test_woocommerce_integration.TestTokenCheckout" name="test_token_checkout_valid_request" time="2.254" /><testcase classname="backend.tests.test_woocommerce_integration.TestWebhookEndpoint" name="test_webhook_no_order_id" time="0.121" /><testcase classname="backend.tests.test_woocommerce_integration.TestWebhookEndpoint" name="test_webhook_nonexistent_order" time="0.170" /><testcase classname="backend.tests.test_woocommerce_integration.TestWebhookEndpoint" name="test_webhook_valid_structure" time="0.114" /><testcase classname="backend.tests.test_woocommerce_integration.TestCartOrderStatus" name="test_get_order_status_not_found" time="0.147" /><testcase classname="backend.tests.test_woocommerce_integration.TestTokenCheckoutStatus" name="test_get_checkout_status_not_found" time="0.118" /><testcase classname="backend.tests.test_woocommerce_integration.TestHealthAndBasicEndpoints" name="test_api_root" time="0.130" /><testcase classname="backend.tests.test_woocommerce_integration.TestHealthAndBasicEndpoints" name="test_homepage_content" time="0.126" /></testsuite></testsuites>